#
# A fatal error has been detected by the Java Runtime Environment:
#
#  EXCEPTION_ACCESS_VIOLATION (0xc0000005) at pc=0x000007feed2def8a, pid=7936, tid=7184
#
# JRE version: 7.0-b147
# Java VM: Java HotSpot(TM) 64-Bit Server VM (21.0-b17 mixed mode windows-amd64 compressed oops)
# Problematic frame:
# C  [XnVFeatures64_1_5_2.dll+0x4ef8a]
#
# Failed to write core dump. Minidumps are not enabled by default on client versions of Windows
#
# If you would like to submit a bug report, please visit:
#   http://bugreport.sun.com/bugreport/crash.jsp
# The crash happened outside the Java Virtual Machine in native code.
# See problematic frame for where to report the bug.
#

---------------  T H R E A D  ---------------

Current thread (0x0000000006774000):  JavaThread "Animation Thread" [_thread_in_native, id=7184, stack(0x000000000aa30000,0x000000000ab30000)]

siginfo: ExceptionCode=0xc0000005, reading address 0x0000000000000000

Registers:
RAX=0x0000000000000000, RBX=0x0000000000000001, RCX=0x000007feed5a99d4, RDX=0x75646f4d56413f4d
RSP=0x000000000ab2eb90, RBP=0x0000000000000001, RSI=0x0000000007fa7fd0, RDI=0x0000000008a60040
R8 =0x0000000000000001, R9 =0xffffffffffffeae0, R10=0xf4636e4c55403e2d, R11=0x000000000ab2eb60
R12=0x000007fef85e36e8, R13=0x000000009d0dd900, R14=0x000000000ab2edc0, R15=0x000000000ab2ec60
RIP=0x000007feed2def8a, EFLAGS=0x0000000000010246

Top of Stack: (sp=0x000000000ab2eb90)
0x000000000ab2eb90:   0000000007b61fa0 0000000000000001
0x000000000ab2eba0:   0000000007fa7fd0 000000000000000c
0x000000000ab2ebb0:   0000000000000000 0000000000000010
0x000000000ab2ebc0:   0000000006774000 0000000000000000
0x000000000ab2ebd0:   0000000006774000 000007fef85ca858
0x000000000ab2ebe0:   000000000012c000 000000000ab2ed00
0x000000000ab2ebf0:   000000000ab2ecd0 000000007266cb87
0x000000000ab2ec00:   000007fef85e9338 0000000000000000
0x000000000ab2ec10:   0000000000000000 0000000000000000
0x000000000ab2ec20:   0000000000000000 000000000ab2ec68
0x000000000ab2ec30:   0000000000000000 000000000ab2ec10
0x000000000ab2ec40:   0000000000000000 0000000000000000
0x000000000ab2ec50:   0000000000000000 0000000000000004
0x000000000ab2ec60:   000000000ab2ec38 0000000000000000
0x000000000ab2ec70:   000000000ab2ec68 000000000ab2ec40
0x000000000ab2ec80:   000000000ab2ec44 000000000ab2ec08 

Instructions: (pc=0x000007feed2def8a)
0x000007feed2def6a:   89 d3 48 c7 44 24 20 00 00 00 00 33 d2 4c 8d 05
0x000007feed2def7a:   22 95 2c 00 4c 8d 0d 5b 97 2c 00 e8 96 6a 25 00
0x000007feed2def8a:   4c 8b 08 48 89 c1 89 da 4d 89 f8 41 ff 51 18 48
0x000007feed2def9a:   83 c4 38 5b 41 5f c3 48 8d b4 26 00 00 00 00 48 


Register to memory mapping:

RAX=0x0000000000000000 is an unknown value
RBX=0x0000000000000001 is an unknown value
RCX=0x000007feed5a99d4 is an unknown value
RDX=0x75646f4d56413f4d is an unknown value
RSP=0x000000000ab2eb90 is pointing into the stack for thread: 0x0000000006774000
RBP=0x0000000000000001 is an unknown value
RSI=0x0000000007fa7fd0 is an unknown value
RDI=0x0000000008a60040 is an unknown value
R8 =0x0000000000000001 is an unknown value
R9 =0xffffffffffffeae0 is an unknown value
R10=0xf4636e4c55403e2d is an unknown value
R11=0x000000000ab2eb60 is pointing into the stack for thread: 0x0000000006774000
R12=0x000007fef85e36e8 is an unknown value
R13=0x000000009d0dd900 is an oop
{method} 
 - klass: {other class}
R14=0x000000000ab2edc0 is pointing into the stack for thread: 0x0000000006774000
R15=0x000000000ab2ec60 is pointing into the stack for thread: 0x0000000006774000


Stack: [0x000000000aa30000,0x000000000ab30000],  sp=0x000000000ab2eb90,  free space=1018k
Native frames: (J=compiled Java code, j=interpreted, Vv=VM code, C=native code)
C  [XnVFeatures64_1_5_2.dll+0x4ef8a]

Java frames: (J=compiled Java code, j=interpreted, Vv=VM code)
j  SimpleOpenNI.SimpleOpenNIJNI.ContextWrapper_getUserPixels(JLSimpleOpenNI/ContextWrapper;I[I)I+0
j  SimpleOpenNI.ContextWrapper.getUserPixels(I[I)I+7
j  passKinectAround.FirstTry.draw()V+36
j  processing.core.PApplet.handleDraw()V+259
j  processing.core.PGraphicsJava2D.requestDraw()V+4
j  processing.core.PApplet.run()V+132
j  java.lang.Thread.run()V+11
v  ~StubRoutines::call_stub

---------------  P R O C E S S  ---------------

Java Threads: ( => current thread )
  0x0000000006775000 JavaThread "Thread-3" [_thread_blocked, id=8616, stack(0x0000000008960000,0x0000000008a60000)]
=>0x0000000006774000 JavaThread "Animation Thread" [_thread_in_native, id=7184, stack(0x000000000aa30000,0x000000000ab30000)]
  0x0000000006772800 JavaThread "AWT-EventQueue-1" [_thread_blocked, id=8208, stack(0x00000000083c0000,0x00000000084c0000)]
  0x0000000006773800 JavaThread "DestroyJavaVM" [_thread_blocked, id=7760, stack(0x0000000002750000,0x0000000002850000)]
  0x0000000006772000 JavaThread "AWT-EventQueue-0" [_thread_blocked, id=8136, stack(0x0000000008690000,0x0000000008790000)]
  0x0000000006771000 JavaThread "thread applet-passKinectAround.FirstTry.class" [_thread_in_native, id=1180, stack(0x0000000008580000,0x0000000008680000)]
  0x0000000006770800 JavaThread "AWT-Windows" daemon [_thread_in_native, id=8592, stack(0x0000000008220000,0x0000000008320000)]
  0x000000000676f800 JavaThread "AWT-Shutdown" [_thread_blocked, id=9136, stack(0x00000000080a0000,0x00000000081a0000)]
  0x000000000676f000 JavaThread "Java2D Disposer" daemon [_thread_blocked, id=2008, stack(0x0000000007e70000,0x0000000007f70000)]
  0x000000000676e800 JavaThread "Service Thread" daemon [_thread_blocked, id=8780, stack(0x0000000007700000,0x0000000007800000)]
  0x0000000006788000 JavaThread "C2 CompilerThread1" daemon [_thread_blocked, id=3308, stack(0x0000000006f00000,0x0000000007000000)]
  0x0000000006783800 JavaThread "C2 CompilerThread0" daemon [_thread_blocked, id=4812, stack(0x0000000007510000,0x0000000007610000)]
  0x000000000676d800 JavaThread "Attach Listener" daemon [_thread_blocked, id=7236, stack(0x0000000007370000,0x0000000007470000)]
  0x000000000676d000 JavaThread "Signal Dispatcher" daemon [_thread_blocked, id=8424, stack(0x0000000006cc0000,0x0000000006dc0000)]
  0x0000000002597000 JavaThread "Finalizer" daemon [_thread_blocked, id=6432, stack(0x0000000007240000,0x0000000007340000)]
  0x0000000002590000 JavaThread "Reference Handler" daemon [_thread_blocked, id=1184, stack(0x0000000007070000,0x0000000007170000)]

Other Threads:
  0x0000000002588800 VMThread [stack: 0x0000000006dc0000,0x0000000006ec0000] [id=3288]
  0x000000000679c000 WatcherThread [stack: 0x0000000007800000,0x0000000007900000] [id=2924]

VM state:not at safepoint (normal execution)

VM Mutex/Monitor currently owned by a thread: None

Heap
 PSYoungGen      total 52480K, used 18253K [0x00000000e08b0000, 0x00000000e3fd0000, 0x0000000100000000)
  eden space 48512K, 29% used [0x00000000e08b0000,0x00000000e16a7478,0x00000000e3810000)
  from space 3968K, 99% used [0x00000000e3bf0000,0x00000000e3fcc010,0x00000000e3fd0000)
  to   space 3968K, 0% used [0x00000000e3810000,0x00000000e3810000,0x00000000e3bf0000)
 PSOldGen        total 64448K, used 37867K [0x00000000a1a00000, 0x00000000a58f0000, 0x00000000e08b0000)
  object space 64448K, 58% used [0x00000000a1a00000,0x00000000a3efafe8,0x00000000a58f0000)
 PSPermGen       total 21248K, used 9447K [0x000000009c800000, 0x000000009dcc0000, 0x00000000a1a00000)
  object space 21248K, 44% used [0x000000009c800000,0x000000009d139d48,0x000000009dcc0000)

Code Cache  [0x0000000002850000, 0x0000000002ac0000, 0x0000000005850000)
 total_blobs=498 nmethods=30 adapters=420 free_code_cache=48582Kb largest_free_block=49728640

Dynamic libraries:
0x000000013fcd0000 - 0x000000013fd03000 	C:\Program Files\Java\jdk1.7.0\bin\javaw.exe
0x00000000777d0000 - 0x0000000077979000 	C:\Windows\SYSTEM32\ntdll.dll
0x0000000077560000 - 0x000000007767f000 	C:\Windows\system32\kernel32.dll
0x000007fefde90000 - 0x000007fefdefc000 	C:\Windows\system32\KERNELBASE.dll
0x000007fefe3b0000 - 0x000007fefe48b000 	C:\Windows\system32\ADVAPI32.dll
0x000007feff9b0000 - 0x000007feffa4f000 	C:\Windows\system32\msvcrt.dll
0x000007fefe6a0000 - 0x000007fefe6bf000 	C:\Windows\SYSTEM32\sechost.dll
0x000007fefe6d0000 - 0x000007fefe7fd000 	C:\Windows\system32\RPCRT4.dll
0x0000000077460000 - 0x000000007755a000 	C:\Windows\system32\USER32.dll
0x000007feffa70000 - 0x000007feffad7000 	C:\Windows\system32\GDI32.dll
0x000007fefeab0000 - 0x000007fefeabe000 	C:\Windows\system32\LPK.dll
0x000007fefe100000 - 0x000007fefe1c9000 	C:\Windows\system32\USP10.dll
0x000007fefc5b0000 - 0x000007fefc7a4000 	C:\Windows\WinSxS\amd64_microsoft.windows.common-controls_6595b64144ccf1df_6.0.7601.17514_none_fa396087175ac9ac\COMCTL32.dll
0x000007fefe8a0000 - 0x000007fefe911000 	C:\Windows\system32\SHLWAPI.dll
0x000007fefe920000 - 0x000007fefe94e000 	C:\Windows\system32\IMM32.DLL
0x000007fefe950000 - 0x000007fefea59000 	C:\Windows\system32\MSCTF.dll
0x000007fefdbf0000 - 0x000007fefdc2c000 	C:\Windows\system32\nvinitx.dll
0x000000000f000000 - 0x000000000f006000 	C:\Program Files\NVIDIA Corporation\CoProcManager\_etoured.dll
0x000007fefafc0000 - 0x000007fefb004000 	C:\Program Files\NVIDIA Corporation\CoProcManager\nvd3d9wrapx.dll
0x000007fefe1d0000 - 0x000007fefe3a7000 	C:\Windows\system32\SETUPAPI.dll
0x000007fefdce0000 - 0x000007fefdd16000 	C:\Windows\system32\CFGMGR32.dll
0x000007feff850000 - 0x000007feff927000 	C:\Windows\system32\OLEAUT32.dll
0x000007fefe490000 - 0x000007fefe693000 	C:\Windows\system32\ole32.dll
0x000007fefdf40000 - 0x000007fefdf5a000 	C:\Windows\system32\DEVOBJ.dll
0x000007fefae80000 - 0x000007fefaec2000 	C:\Program Files\NVIDIA Corporation\CoProcManager\nvdxgiwrapx.dll
0x000000005d1b0000 - 0x000000005d281000 	C:\Program Files\Java\jdk1.7.0\jre\bin\msvcr100.dll
0x0000000059aa0000 - 0x000000005a16e000 	C:\Program Files\Java\jdk1.7.0\jre\bin\server\jvm.dll
0x000007fefa170000 - 0x000007fefa179000 	C:\Windows\system32\WSOCK32.dll
0x000007fefea60000 - 0x000007fefeaad000 	C:\Windows\system32\WS2_32.dll
0x000007fefe6c0000 - 0x000007fefe6c8000 	C:\Windows\system32\NSI.dll
0x000007fefb940000 - 0x000007fefb97b000 	C:\Windows\system32\WINMM.dll
0x00000000779a0000 - 0x00000000779a7000 	C:\Windows\system32\PSAPI.DLL
0x0000000074af0000 - 0x0000000074aff000 	C:\Program Files\Java\jdk1.7.0\jre\bin\verify.dll
0x000000006df90000 - 0x000000006dfb8000 	C:\Program Files\Java\jdk1.7.0\jre\bin\java.dll
0x000000006dfd0000 - 0x000000006dfe5000 	C:\Program Files\Java\jdk1.7.0\jre\bin\zip.dll
0x000000006d040000 - 0x000000006d1d3000 	C:\Program Files\Java\jdk1.7.0\jre\bin\awt.dll
0x000007fefbe50000 - 0x000007fefbe68000 	C:\Windows\system32\DWMAPI.DLL
0x000007fefc3d0000 - 0x000007fefc426000 	C:\Windows\system32\uxtheme.dll
0x000007fefdb20000 - 0x000007fefdb2f000 	C:\Windows\system32\CRYPTBASE.dll
0x000000006df50000 - 0x000000006df84000 	C:\Program Files\Java\jdk1.7.0\jre\bin\fontmanager.dll
0x000000006aae0000 - 0x000000006aaf9000 	C:\Program Files\Java\jdk1.7.0\jre\bin\net.dll
0x000007fefd440000 - 0x000007fefd495000 	C:\Windows\system32\mswsock.dll
0x000007fefd4b0000 - 0x000007fefd4b7000 	C:\Windows\System32\wship6.dll
0x000000006aac0000 - 0x000000006aad1000 	C:\Program Files\Java\jdk1.7.0\jre\bin\nio.dll
0x000000005d160000 - 0x000000005d1a1000 	C:\Program Files\Java\jdk1.7.0\jre\bin\t2k.dll
0x000007fef85a0000 - 0x000007fef8623000 	C:\Users\Martin\Workspace\Eclipse\GenerativeGestaltung\bin\SimpleOpenNI64.dll
0x000007fef8630000 - 0x000007fef8699000 	C:\Program Files\OpenNI\Bin64\OpenNI64.dll
0x000007fefeac0000 - 0x000007feff848000 	C:\Windows\system32\SHELL32.dll
0x000007feee060000 - 0x000007feee172000 	C:\Program Files\PrimeSense\NITE\bin64\XnVNITE64_1_5_2.dll
0x0000000072620000 - 0x00000000726c3000 	C:\Windows\WinSxS\amd64_microsoft.vc90.crt_1fc8b3b9a1e18e3b_9.0.30729.6161_none_08e61857a83bc251\MSVCR90.dll
0x0000000072200000 - 0x00000000722d3000 	C:\Windows\WinSxS\amd64_microsoft.vc90.crt_1fc8b3b9a1e18e3b_9.0.30729.6161_none_08e61857a83bc251\MSVCP90.dll
0x000007fef8d70000 - 0x000007fef8d8c000 	C:\Program Files\OpenNI\bin64\nimRecorder64.dll
0x000007fef8df0000 - 0x000007fef8e10000 	C:\Program Files\OpenNI\bin64\nimMockNodes64.dll
0x000007fef86d0000 - 0x000007fef8724000 	C:\Program Files\OpenNI\bin64\nimCodecs64.dll
0x000007feedd90000 - 0x000007feee051000 	C:\Program Files\PrimeSense\NITE\Features_1_3_1\Bin64\XnVFeatures64_1_3_1.dll
0x000007feed9e0000 - 0x000007feedd84000 	C:\Program Files\PrimeSense\NITE\Features_1_4_1\Bin64\XnVFeatures64_1_4_1.dll
0x000007feed640000 - 0x000007feed9da000 	C:\Program Files\PrimeSense\NITE\Features_1_4_2\Bin64\XnVFeatures64_1_4_2.dll
0x000007feed290000 - 0x000007feed63f000 	C:\Program Files\PrimeSense\NITE\Features_1_5_2\Bin64\XnVFeatures64_1_5_2.dll
0x000007feed160000 - 0x000007feed281000 	C:\Program Files\PrimeSense\NITE\Hands_1_3_1\Bin64\XnVHandGenerator64_1_3_1.dll
0x000007feebe00000 - 0x000007feebf24000 	C:\Program Files\PrimeSense\NITE\Hands_1_4_1\Bin64\XnVHandGenerator64_1_4_1.dll
0x000007feee180000 - 0x000007feee29a000 	C:\Program Files\PrimeSense\NITE\Hands_1_4_2\Bin64\XnVHandGenerator64_1_4_2.dll
0x000007feebcd0000 - 0x000007feebdfc000 	C:\Program Files\PrimeSense\NITE\Hands_1_5_2\Bin64\XnVHandGenerator64_1_5_2.dll
0x000007fef8560000 - 0x000007fef8599000 	C:\Program Files\PrimeSense\Sensor\Bin64\XnDeviceFile64.dll
0x000007fefb5e0000 - 0x000007fefb5ed000 	C:\Program Files\PrimeSense\Sensor\Bin64\XnCore64.dll
0x000007feed0b0000 - 0x000007feed158000 	C:\Program Files\PrimeSense\Sensor\Bin64\XnDDK64.dll
0x000007fef83a0000 - 0x000007fef8404000 	C:\Program Files\PrimeSense\Sensor\Bin64\XnFormats64.dll
0x000007feebc10000 - 0x000007feebcc6000 	C:\Program Files\PrimeSense\Sensor\Bin64\XnDeviceSensorV264.dll
0x000007fef86a0000 - 0x000007fef86c7000 	C:\Program Files\PrimeSense\SensorKinect\Bin64\XnDeviceFile64.dll
0x000007fef78b0000 - 0x000007fef7915000 	C:\Program Files\PrimeSense\SensorKinect\Bin64\XnDeviceSensorV2KM64.dll
0x000007fefdf00000 - 0x000007fefdf39000 	C:\Windows\system32\WINTRUST.dll
0x000000000ab30000 - 0x000000000ac9a000 	C:\Windows\system32\CRYPT32.dll
0x000007fefdcd0000 - 0x000007fefdcdf000 	C:\Windows\system32\MSASN1.dll
0x000007fefd100000 - 0x000007fefd107000 	C:\Windows\System32\wshtcpip.dll
0x000007fefdac0000 - 0x000007fefdb17000 	C:\Windows\system32\apphelp.dll

VM Arguments:
jvm_args: -Djava.library.path=C:\Users\Martin\Workspace\Eclipse\GenerativeGestaltung\bin;C:\Users\Martin\Workspace\Eclipse\GenerativeGestaltung\lib;C:\Users\Martin\Workspace\Eclipse\GenerativeGestaltung\lib -Djava.security.policy=java.policy.applet -Dfile.encoding=Cp1252 
java_command: sun.applet.AppletViewer passKinectAround.FirstTry1350771172051.html
Launcher Type: SUN_STANDARD

Environment Variables:
CLASSPATH=C:\Program Files\OpenNI\Bin64\org.OpenNI.jar
PATH=C:/Program Files (x86)/Java/jre7/bin/client;C:/Program Files (x86)/Java/jre7/bin;C:/Program Files (x86)/Java/jre7/lib/i386;C:\Windows\system32;C:\Windows;C:\Windows\System32\Wbem;C:\Windows\System32\WindowsPowerShell\v1.0\;C:\Program Files\Intel\WiFi\bin\;C:\Program Files\Common Files\Intel\WirelessCommon\;C:\Program Files (x86)\MiKTeX 2.9\miktex\bin\;C:\Program Files (x86)\Common Files\Acronis\SnapAPI\;C:\Program Files (x86)\nodejs\;C:\Program Files (x86)\Smart Projects\IsoBuster;C:\Program Files (x86)\Calibre2\;C:\Program Files\Microsoft\Web Platform Installer\;C:\Program Files\OpenNI\Bin64;C:\Program Files\PrimeSense\NITE\bin64;C:\Program Files\Intel\WiFi\bin\;C:\Program Files\Common Files\Intel\WirelessCommon\;C:\Users\Martin\AppData\Roaming\npm\;C:\Program Files (x86)\eclipse;
USERNAME=Martin
OS=Windows_NT
PROCESSOR_IDENTIFIER=Intel64 Family 6 Model 42 Stepping 7, GenuineIntel



---------------  S Y S T E M  ---------------

OS: Windows 7 , 64 bit Build 7601 Service Pack 1

CPU:total 4 (2 cores per cpu, 2 threads per core) family 6 model 42 stepping 7, cmov, cx8, fxsr, mmx, sse, sse2, sse3, ssse3, sse4.1, sse4.2, popcnt, ht

Memory: 4k page, physical 6183084k(699512k free), swap 12364316k(5991788k free)

vm_info: Java HotSpot(TM) 64-Bit Server VM (21.0-b17) for windows-amd64 JRE (1.7.0-b147), built on Jun 27 2011 02:19:45 by "java_re" with unknown MS VC++:1600

time: Sun Oct 21 00:13:00 2012
elapsed time: 7 seconds

