#
# A fatal error has been detected by the Java Runtime Environment:
#
#  EXCEPTION_ACCESS_VIOLATION (0xc0000005) at pc=0x000007fef8a29abd, pid=6308, tid=1928
#
# JRE version: 7.0-b147
# Java VM: Java HotSpot(TM) 64-Bit Server VM (21.0-b17 mixed mode windows-amd64 compressed oops)
# Problematic frame:
# C  [OpenNI64.dll+0x19abd]
#
# Failed to write core dump. Minidumps are not enabled by default on client versions of Windows
#
# If you would like to submit a bug report, please visit:
#   http://bugreport.sun.com/bugreport/crash.jsp
# The crash happened outside the Java Virtual Machine in native code.
# See problematic frame for where to report the bug.
#

---------------  T H R E A D  ---------------

Current thread (0x0000000007b14800):  JavaThread "Animation Thread" [_thread_in_native, id=1928, stack(0x0000000008990000,0x0000000008a90000)]

siginfo: ExceptionCode=0xc0000005, reading address 0xffffffffffffffff

Registers:
RAX=0x0000000000000001, RBX=0x0000000007acdf90, RCX=0x7026653534305f64, RDX=0x0000000007ba001e
RSP=0x0000000008a8f288, RBP=0x0000000008a8f3e8, RSI=0x0000000007b149d0, RDI=0x000000000865bc48
R8 =0x000000000865bc20, R9 =0x000000000865bbf8, R10=0x0000000007b9e4a0, R11=0x0000000000000286
R12=0x0000000000000000, R13=0x000000009d0dc4e8, R14=0x0000000008a8f420, R15=0x0000000007b14800
RIP=0x000007fef8a29abd, EFLAGS=0x0000000000010202

Top of Stack: (sp=0x0000000008a8f288)
0x0000000008a8f288:   000007fef8a2399a 0000000007b149d0
0x0000000008a8f298:   000000007266cc87 000000000012c000
0x0000000008a8f2a8:   0000000008a8f370 000000000afd0040
0x0000000008a8f2b8:   000007fef8576283 0000000008647fd0
0x0000000008a8f2c8:   000000765732123a 0000000008a8f420
0x0000000008a8f2d8:   000000009d0dc4e8 0000000008647fd0
0x0000000008a8f2e8:   000007fef857648c 0000000008a8f340
0x0000000008a8f2f8:   0000000008a8f370 0000000007b149d0
0x0000000008a8f308:   000000000004b000 00000000028c6155
0x0000000008a8f318:   000007fef8555749 0000000008647fd0
0x0000000008a8f328:   0000000008647fd0 0000000008a8f3e8
0x0000000008a8f338:   0000000007b149d0 000000000aea0040
0x0000000008a8f348:   000007fef856a801 000000009cafeb10
0x0000000008a8f358:   00000000028d21c9 000000009d0dc4e8
0x0000000008a8f368:   00000000028d26fa 000000000afd0040
0x0000000008a8f378:   00000000028d26fa 0000000008a8f408 

Instructions: (pc=0x000007fef8a29abd)
0x000007fef8a29a9d:   cc cc cc 4c 8b c1 48 85 c9 74 59 48 85 d2 74 54
0x000007fef8a29aad:   4d 8b 08 48 8b 0a 4d 85 c9 74 49 48 85 c9 74 44
0x000007fef8a29abd:   48 8b 01 49 89 01 48 8b 41 08 49 89 41 08 8b 41
0x000007fef8a29acd:   10 41 89 41 10 48 8b 02 49 8b 08 49 89 00 48 8b 


Register to memory mapping:

RAX=0x0000000000000001 is an unknown value
RBX=0x0000000007acdf90 is an unknown value
RCX=0x7026653534305f64 is an unknown value
RDX=0x0000000007ba001e is an unknown value
RSP=0x0000000008a8f288 is pointing into the stack for thread: 0x0000000007b14800
RBP=0x0000000008a8f3e8 is pointing into the stack for thread: 0x0000000007b14800
RSI=0x0000000007b149d0 is an unknown value
RDI=0x000000000865bc48 is an unknown value
R8 =0x000000000865bc20 is an unknown value
R9 =0x000000000865bbf8 is an unknown value
R10=0x0000000007b9e4a0 is an unknown value
R11=0x0000000000000286 is an unknown value
R12=0x0000000000000000 is an unknown value
R13=0x000000009d0dc4e8 is an oop
{method} 
 - klass: {other class}
R14=0x0000000008a8f420 is pointing into the stack for thread: 0x0000000007b14800
R15=0x0000000007b14800 is a thread


Stack: [0x0000000008990000,0x0000000008a90000],  sp=0x0000000008a8f288,  free space=1020k
Native frames: (J=compiled Java code, j=interpreted, Vv=VM code, C=native code)
C  [OpenNI64.dll+0x19abd]  xnCopyMapMetaData+0x1d
j  SimpleOpenNI.ContextWrapper.sceneImage([I)I+6
j  SimpleOpenNI.SimpleOpenNI.updateSceneImage()V+40
j  SimpleOpenNI.SimpleOpenNI.sceneImage()Lprocessing/core/PImage;+1
j  hand.Stage.createScene()V+5
j  hand.FirstTry.draw()V+29
j  processing.core.PApplet.handleDraw()V+259
j  processing.core.PGraphicsJava2D.requestDraw()V+4
j  processing.core.PApplet.run()V+132
j  java.lang.Thread.run()V+11
v  ~StubRoutines::call_stub
V  [jvm.dll+0x1a4446]

Java frames: (J=compiled Java code, j=interpreted, Vv=VM code)
j  SimpleOpenNI.SimpleOpenNIJNI.ContextWrapper_sceneImage(JLSimpleOpenNI/ContextWrapper;[I)I+0
j  SimpleOpenNI.ContextWrapper.sceneImage([I)I+6
j  SimpleOpenNI.SimpleOpenNI.updateSceneImage()V+40
j  SimpleOpenNI.SimpleOpenNI.sceneImage()Lprocessing/core/PImage;+1
j  hand.Stage.createScene()V+5
j  hand.FirstTry.draw()V+29
j  processing.core.PApplet.handleDraw()V+259
j  processing.core.PGraphicsJava2D.requestDraw()V+4
j  processing.core.PApplet.run()V+132
j  java.lang.Thread.run()V+11
v  ~StubRoutines::call_stub

---------------  P R O C E S S  ---------------

Java Threads: ( => current thread )
  0x000000000693a000 JavaThread "Thread-3" [_thread_blocked, id=2472, stack(0x000000001d5d0000,0x000000001d6d0000)]
=>0x0000000007b14800 JavaThread "Animation Thread" [_thread_in_native, id=1928, stack(0x0000000008990000,0x0000000008a90000)]
  0x0000000007ae5800 JavaThread "AWT-EventQueue-1" [_thread_blocked, id=7448, stack(0x0000000008770000,0x0000000008870000)]
  0x000000000025c800 JavaThread "DestroyJavaVM" [_thread_blocked, id=6896, stack(0x0000000002720000,0x0000000002820000)]
  0x0000000007a1a000 JavaThread "AWT-EventQueue-0" [_thread_blocked, id=872, stack(0x0000000008510000,0x0000000008610000)]
  0x000000000796f800 JavaThread "thread applet-hand.FirstTry.class" [_thread_in_native, id=3448, stack(0x0000000008270000,0x0000000008370000)]
  0x000000000693f800 JavaThread "AWT-Windows" daemon [_thread_in_native, id=8800, stack(0x00000000080f0000,0x00000000081f0000)]
  0x000000000693e800 JavaThread "AWT-Shutdown" [_thread_blocked, id=8380, stack(0x0000000007f30000,0x0000000008030000)]
  0x000000000693e000 JavaThread "Java2D Disposer" daemon [_thread_blocked, id=6812, stack(0x0000000007da0000,0x0000000007ea0000)]
  0x0000000006864800 JavaThread "Service Thread" daemon [_thread_blocked, id=8948, stack(0x00000000077e0000,0x00000000078e0000)]
  0x0000000006849800 JavaThread "C2 CompilerThread1" daemon [_thread_blocked, id=7188, stack(0x0000000007550000,0x0000000007650000)]
  0x0000000006833000 JavaThread "C2 CompilerThread0" daemon [_thread_blocked, id=3016, stack(0x0000000007340000,0x0000000007440000)]
  0x0000000006831000 JavaThread "Attach Listener" daemon [_thread_blocked, id=7968, stack(0x0000000006f20000,0x0000000007020000)]
  0x000000000682a000 JavaThread "Signal Dispatcher" daemon [_thread_blocked, id=7644, stack(0x0000000007190000,0x0000000007290000)]
  0x00000000026c5800 JavaThread "Finalizer" daemon [_thread_blocked, id=8348, stack(0x0000000007020000,0x0000000007120000)]
  0x00000000026bc800 JavaThread "Reference Handler" daemon [_thread_blocked, id=5248, stack(0x0000000006de0000,0x0000000006ee0000)]

Other Threads:
  0x00000000026b5000 VMThread [stack: 0x0000000006bb0000,0x0000000006cb0000] [id=6560]
  0x000000000686f800 WatcherThread [stack: 0x0000000006cb0000,0x0000000006db0000] [id=8664]

VM state:not at safepoint (normal execution)

VM Mutex/Monitor currently owned by a thread: None

Heap
 PSYoungGen      total 52480K, used 17296K [0x00000000e08b0000, 0x00000000e3fd0000, 0x0000000100000000)
  eden space 48512K, 27% used [0x00000000e08b0000,0x00000000e15b6058,0x00000000e3810000)
  from space 3968K, 99% used [0x00000000e3bf0000,0x00000000e3fce260,0x00000000e3fd0000)
  to   space 3968K, 0% used [0x00000000e3810000,0x00000000e3810000,0x00000000e3bf0000)
 PSOldGen        total 64448K, used 37838K [0x00000000a1a00000, 0x00000000a58f0000, 0x00000000e08b0000)
  object space 64448K, 58% used [0x00000000a1a00000,0x00000000a3ef3ab0,0x00000000a58f0000)
 PSPermGen       total 21248K, used 9459K [0x000000009c800000, 0x000000009dcc0000, 0x00000000a1a00000)
  object space 21248K, 44% used [0x000000009c800000,0x000000009d13cec8,0x000000009dcc0000)

Code Cache  [0x00000000028c0000, 0x0000000002b30000, 0x00000000058c0000)
 total_blobs=497 nmethods=29 adapters=420 free_code_cache=48583Kb largest_free_block=49735744

Dynamic libraries:
0x000000013f570000 - 0x000000013f5a3000 	C:\Program Files\Java\jdk1.7.0\bin\javaw.exe
0x00000000777d0000 - 0x0000000077979000 	C:\Windows\SYSTEM32\ntdll.dll
0x0000000077560000 - 0x000000007767f000 	C:\Windows\system32\kernel32.dll
0x000007fefde90000 - 0x000007fefdefc000 	C:\Windows\system32\KERNELBASE.dll
0x000007fefe3b0000 - 0x000007fefe48b000 	C:\Windows\system32\ADVAPI32.dll
0x000007feff9b0000 - 0x000007feffa4f000 	C:\Windows\system32\msvcrt.dll
0x000007fefe6a0000 - 0x000007fefe6bf000 	C:\Windows\SYSTEM32\sechost.dll
0x000007fefe6d0000 - 0x000007fefe7fd000 	C:\Windows\system32\RPCRT4.dll
0x0000000077460000 - 0x000000007755a000 	C:\Windows\system32\USER32.dll
0x000007feffa70000 - 0x000007feffad7000 	C:\Windows\system32\GDI32.dll
0x000007fefeab0000 - 0x000007fefeabe000 	C:\Windows\system32\LPK.dll
0x000007fefe100000 - 0x000007fefe1c9000 	C:\Windows\system32\USP10.dll
0x000007fefc5b0000 - 0x000007fefc7a4000 	C:\Windows\WinSxS\amd64_microsoft.windows.common-controls_6595b64144ccf1df_6.0.7601.17514_none_fa396087175ac9ac\COMCTL32.dll
0x000007fefe8a0000 - 0x000007fefe911000 	C:\Windows\system32\SHLWAPI.dll
0x000007fefe920000 - 0x000007fefe94e000 	C:\Windows\system32\IMM32.DLL
0x000007fefe950000 - 0x000007fefea59000 	C:\Windows\system32\MSCTF.dll
0x000007fefdbf0000 - 0x000007fefdc2c000 	C:\Windows\system32\nvinitx.dll
0x000000000f000000 - 0x000000000f006000 	C:\Program Files\NVIDIA Corporation\CoProcManager\_etoured.dll
0x000007fefafc0000 - 0x000007fefb004000 	C:\Program Files\NVIDIA Corporation\CoProcManager\nvd3d9wrapx.dll
0x000007fefe1d0000 - 0x000007fefe3a7000 	C:\Windows\system32\SETUPAPI.dll
0x000007fefdce0000 - 0x000007fefdd16000 	C:\Windows\system32\CFGMGR32.dll
0x000007feff850000 - 0x000007feff927000 	C:\Windows\system32\OLEAUT32.dll
0x000007fefe490000 - 0x000007fefe693000 	C:\Windows\system32\ole32.dll
0x000007fefdf40000 - 0x000007fefdf5a000 	C:\Windows\system32\DEVOBJ.dll
0x000007fefae80000 - 0x000007fefaec2000 	C:\Program Files\NVIDIA Corporation\CoProcManager\nvdxgiwrapx.dll
0x0000000060e90000 - 0x0000000060f61000 	C:\Program Files\Java\jdk1.7.0\jre\bin\msvcr100.dll
0x0000000058390000 - 0x0000000058a5e000 	C:\Program Files\Java\jdk1.7.0\jre\bin\server\jvm.dll
0x000007fefa170000 - 0x000007fefa179000 	C:\Windows\system32\WSOCK32.dll
0x000007fefea60000 - 0x000007fefeaad000 	C:\Windows\system32\WS2_32.dll
0x000007fefe6c0000 - 0x000007fefe6c8000 	C:\Windows\system32\NSI.dll
0x000007fefb940000 - 0x000007fefb97b000 	C:\Windows\system32\WINMM.dll
0x00000000779a0000 - 0x00000000779a7000 	C:\Windows\system32\PSAPI.DLL
0x00000000627a0000 - 0x00000000627af000 	C:\Program Files\Java\jdk1.7.0\jre\bin\verify.dll
0x0000000062770000 - 0x0000000062798000 	C:\Program Files\Java\jdk1.7.0\jre\bin\java.dll
0x0000000062750000 - 0x0000000062765000 	C:\Program Files\Java\jdk1.7.0\jre\bin\zip.dll
0x000000005eb70000 - 0x000000005ed03000 	C:\Program Files\Java\jdk1.7.0\jre\bin\awt.dll
0x000007fefbe50000 - 0x000007fefbe68000 	C:\Windows\system32\DWMAPI.DLL
0x000007fefc3d0000 - 0x000007fefc426000 	C:\Windows\system32\uxtheme.dll
0x000007fefdb20000 - 0x000007fefdb2f000 	C:\Windows\system32\CRYPTBASE.dll
0x0000000060e50000 - 0x0000000060e84000 	C:\Program Files\Java\jdk1.7.0\jre\bin\fontmanager.dll
0x0000000062730000 - 0x0000000062749000 	C:\Program Files\Java\jdk1.7.0\jre\bin\net.dll
0x000007fefd440000 - 0x000007fefd495000 	C:\Windows\system32\mswsock.dll
0x000007fefd4b0000 - 0x000007fefd4b7000 	C:\Windows\System32\wship6.dll
0x0000000060e30000 - 0x0000000060e41000 	C:\Program Files\Java\jdk1.7.0\jre\bin\nio.dll
0x000000005eb20000 - 0x000000005eb61000 	C:\Program Files\Java\jdk1.7.0\jre\bin\t2k.dll
0x000007fef8540000 - 0x000007fef85c3000 	C:\Users\Martin\Workspace\Eclipse\GenerativeGestaltung\bin\SimpleOpenNI64.dll
0x000007fef8a10000 - 0x000007fef8a79000 	C:\Program Files\OpenNI\Bin64\OpenNI64.dll
0x000007fefeac0000 - 0x000007feff848000 	C:\Windows\system32\SHELL32.dll
0x000007feed0c0000 - 0x000007feed1d2000 	C:\Program Files\PrimeSense\NITE\bin64\XnVNITE64_1_5_2.dll
0x0000000072620000 - 0x00000000726c3000 	C:\Windows\WinSxS\amd64_microsoft.vc90.crt_1fc8b3b9a1e18e3b_9.0.30729.6161_none_08e61857a83bc251\MSVCR90.dll
0x0000000072200000 - 0x00000000722d3000 	C:\Windows\WinSxS\amd64_microsoft.vc90.crt_1fc8b3b9a1e18e3b_9.0.30729.6161_none_08e61857a83bc251\MSVCP90.dll
0x000007fefa8f0000 - 0x000007fefa90c000 	C:\Program Files\OpenNI\bin64\nimRecorder64.dll
0x000007fef8df0000 - 0x000007fef8e10000 	C:\Program Files\OpenNI\bin64\nimMockNodes64.dll
0x000007fef83b0000 - 0x000007fef8404000 	C:\Program Files\OpenNI\bin64\nimCodecs64.dll
0x000007feeb990000 - 0x000007feebc51000 	C:\Program Files\PrimeSense\NITE\Features_1_3_1\Bin64\XnVFeatures64_1_3_1.dll
0x000007feeb300000 - 0x000007feeb6a4000 	C:\Program Files\PrimeSense\NITE\Features_1_4_1\Bin64\XnVFeatures64_1_4_1.dll
0x000007feeaf60000 - 0x000007feeb2fa000 	C:\Program Files\PrimeSense\NITE\Features_1_4_2\Bin64\XnVFeatures64_1_4_2.dll
0x000007fee54c0000 - 0x000007fee586f000 	C:\Program Files\PrimeSense\NITE\Features_1_5_2\Bin64\XnVFeatures64_1_5_2.dll
0x000007feebe00000 - 0x000007feebf21000 	C:\Program Files\PrimeSense\NITE\Hands_1_3_1\Bin64\XnVHandGenerator64_1_3_1.dll
0x000007feebcd0000 - 0x000007feebdf4000 	C:\Program Files\PrimeSense\NITE\Hands_1_4_1\Bin64\XnVHandGenerator64_1_4_1.dll
0x000007fef72a0000 - 0x000007fef73ba000 	C:\Program Files\PrimeSense\NITE\Hands_1_4_2\Bin64\XnVHandGenerator64_1_4_2.dll
0x000007feeb860000 - 0x000007feeb98c000 	C:\Program Files\PrimeSense\NITE\Hands_1_5_2\Bin64\XnVHandGenerator64_1_5_2.dll
0x000007fef8370000 - 0x000007fef83a9000 	C:\Program Files\PrimeSense\Sensor\Bin64\XnDeviceFile64.dll
0x000007fefb600000 - 0x000007fefb60d000 	C:\Program Files\PrimeSense\Sensor\Bin64\XnCore64.dll
0x000007feeaeb0000 - 0x000007feeaf58000 	C:\Program Files\PrimeSense\Sensor\Bin64\XnDDK64.dll
0x000007fef75b0000 - 0x000007fef7614000 	C:\Program Files\PrimeSense\Sensor\Bin64\XnFormats64.dll
0x000007feeadf0000 - 0x000007feeaea6000 	C:\Program Files\PrimeSense\Sensor\Bin64\XnDeviceSensorV264.dll
0x000007fef8cc0000 - 0x000007fef8ce7000 	C:\Program Files\PrimeSense\SensorKinect\Bin64\XnDeviceFile64.dll
0x000007fef78b0000 - 0x000007fef7915000 	C:\Program Files\PrimeSense\SensorKinect\Bin64\XnDeviceSensorV2KM64.dll
0x000007fefdf00000 - 0x000007fefdf39000 	C:\Windows\system32\WINTRUST.dll
0x0000000008cd0000 - 0x0000000008e3a000 	C:\Windows\system32\CRYPT32.dll
0x000007fefdcd0000 - 0x000007fefdcdf000 	C:\Windows\system32\MSASN1.dll
0x000007fefdac0000 - 0x000007fefdb17000 	C:\Windows\system32\apphelp.dll
0x000007fefd100000 - 0x000007fefd107000 	C:\Windows\System32\wshtcpip.dll

VM Arguments:
jvm_args: -Djava.library.path=C:\Users\Martin\Workspace\Eclipse\GenerativeGestaltung\bin;C:\Users\Martin\Workspace\Eclipse\GenerativeGestaltung\lib;C:\Users\Martin\Workspace\Eclipse\GenerativeGestaltung\lib -Djava.security.policy=java.policy.applet -Dfile.encoding=Cp1252 
java_command: sun.applet.AppletViewer hand.FirstTry1350774893123.html
Launcher Type: SUN_STANDARD

Environment Variables:
CLASSPATH=C:\Program Files\OpenNI\Bin64\org.OpenNI.jar
PATH=C:/Program Files (x86)/Java/jre7/bin/client;C:/Program Files (x86)/Java/jre7/bin;C:/Program Files (x86)/Java/jre7/lib/i386;C:\Windows\system32;C:\Windows;C:\Windows\System32\Wbem;C:\Windows\System32\WindowsPowerShell\v1.0\;C:\Program Files\Intel\WiFi\bin\;C:\Program Files\Common Files\Intel\WirelessCommon\;C:\Program Files (x86)\MiKTeX 2.9\miktex\bin\;C:\Program Files (x86)\Common Files\Acronis\SnapAPI\;C:\Program Files (x86)\nodejs\;C:\Program Files (x86)\Smart Projects\IsoBuster;C:\Program Files (x86)\Calibre2\;C:\Program Files\Microsoft\Web Platform Installer\;C:\Program Files\OpenNI\Bin64;C:\Program Files\PrimeSense\NITE\bin64;C:\Program Files\Intel\WiFi\bin\;C:\Program Files\Common Files\Intel\WirelessCommon\;C:\Users\Martin\AppData\Roaming\npm\;C:\Program Files (x86)\eclipse;
USERNAME=Martin
OS=Windows_NT
PROCESSOR_IDENTIFIER=Intel64 Family 6 Model 42 Stepping 7, GenuineIntel



---------------  S Y S T E M  ---------------

OS: Windows 7 , 64 bit Build 7601 Service Pack 1

CPU:total 4 (2 cores per cpu, 2 threads per core) family 6 model 42 stepping 7, cmov, cx8, fxsr, mmx, sse, sse2, sse3, ssse3, sse4.1, sse4.2, popcnt, ht

Memory: 4k page, physical 6183084k(1349980k free), swap 12364316k(6008956k free)

vm_info: Java HotSpot(TM) 64-Bit Server VM (21.0-b17) for windows-amd64 JRE (1.7.0-b147), built on Jun 27 2011 02:19:45 by "java_re" with unknown MS VC++:1600

time: Sun Oct 21 01:15:01 2012
elapsed time: 7 seconds

