#
# A fatal error has been detected by the Java Runtime Environment:
#
#  EXCEPTION_ACCESS_VIOLATION (0xc0000005) at pc=0x000007fee3beef8a, pid=6716, tid=8848
#
# JRE version: 7.0-b147
# Java VM: Java HotSpot(TM) 64-Bit Server VM (21.0-b17 mixed mode windows-amd64 compressed oops)
# Problematic frame:
# C  [XnVFeatures64_1_5_2.dll+0x4ef8a]
#
# Failed to write core dump. Minidumps are not enabled by default on client versions of Windows
#
# If you would like to submit a bug report, please visit:
#   http://bugreport.sun.com/bugreport/crash.jsp
# The crash happened outside the Java Virtual Machine in native code.
# See problematic frame for where to report the bug.
#

---------------  T H R E A D  ---------------

Current thread (0x0000000007bfb000):  JavaThread "Animation Thread" [_thread_in_native, id=8848, stack(0x0000000009ec0000,0x0000000009fc0000)]

siginfo: ExceptionCode=0xc0000005, reading address 0x0000000000000000

Registers:
RAX=0x0000000000000000, RBX=0x0000000000000001, RCX=0x000007fee3eb99d4, RDX=0x75646f4d56413f4d
RSP=0x0000000009fbeee0, RBP=0x0000000000000001, RSI=0x0000000009d37fd0, RDI=0x000000000ace0040
R8 =0x0000000000000001, R9 =0xffffffffffffeae0, R10=0xf4636e4c55403e2d, R11=0x0000000009fbeeb0
R12=0x000007fefb9036e8, R13=0x000000009d0ded98, R14=0x0000000009fbf108, R15=0x0000000009fbefb0
RIP=0x000007fee3beef8a, EFLAGS=0x0000000000010246

Top of Stack: (sp=0x0000000009fbeee0)
0x0000000009fbeee0:   0000000009fbf090 0000000000000001
0x0000000009fbeef0:   0000000009d37fd0 000000000000000c
0x0000000009fbef00:   0000000000000000 0000000000000010
0x0000000009fbef10:   0000000007bfb000 0000000000000000
0x0000000009fbef20:   0000000007bfb000 000007fefb8ea858
0x0000000009fbef30:   000000000012c000 0000000009fbf050
0x0000000009fbef40:   0000000009fbf020 00000000710bcb87
0x0000000009fbef50:   000007fefb909338 0000000000000000
0x0000000009fbef60:   0000000000000000 0000000000000000
0x0000000009fbef70:   0000000000000000 0000000009fbefb8
0x0000000009fbef80:   0000000000000000 0000000009fbef60
0x0000000009fbef90:   0000000000000000 0000000000000000
0x0000000009fbefa0:   0000000000000000 0000000000000004
0x0000000009fbefb0:   0000000009fbef88 0000000000000000
0x0000000009fbefc0:   0000000009fbefb8 0000000009fbef90
0x0000000009fbefd0:   0000000009fbef94 0000000009fbef58 

Instructions: (pc=0x000007fee3beef8a)
0x000007fee3beef6a:   89 d3 48 c7 44 24 20 00 00 00 00 33 d2 4c 8d 05
0x000007fee3beef7a:   22 95 2c 00 4c 8d 0d 5b 97 2c 00 e8 96 6a 25 00
0x000007fee3beef8a:   4c 8b 08 48 89 c1 89 da 4d 89 f8 41 ff 51 18 48
0x000007fee3beef9a:   83 c4 38 5b 41 5f c3 48 8d b4 26 00 00 00 00 48 


Register to memory mapping:

RAX=0x0000000000000000 is an unknown value
RBX=0x0000000000000001 is an unknown value
RCX=0x000007fee3eb99d4 is an unknown value
RDX=0x75646f4d56413f4d is an unknown value
RSP=0x0000000009fbeee0 is pointing into the stack for thread: 0x0000000007bfb000
RBP=0x0000000000000001 is an unknown value
RSI=0x0000000009d37fd0 is an unknown value
RDI=0x000000000ace0040 is an unknown value
R8 =0x0000000000000001 is an unknown value
R9 =0xffffffffffffeae0 is an unknown value
R10=0xf4636e4c55403e2d is an unknown value
R11=0x0000000009fbeeb0 is pointing into the stack for thread: 0x0000000007bfb000
R12=0x000007fefb9036e8 is an unknown value
R13=0x000000009d0ded98 is an oop
{method} 
 - klass: {other class}
R14=0x0000000009fbf108 is pointing into the stack for thread: 0x0000000007bfb000
R15=0x0000000009fbefb0 is pointing into the stack for thread: 0x0000000007bfb000


Stack: [0x0000000009ec0000,0x0000000009fc0000],  sp=0x0000000009fbeee0,  free space=1019k
Native frames: (J=compiled Java code, j=interpreted, Vv=VM code, C=native code)
C  [XnVFeatures64_1_5_2.dll+0x4ef8a]

Java frames: (J=compiled Java code, j=interpreted, Vv=VM code)
j  SimpleOpenNI.SimpleOpenNIJNI.ContextWrapper_getUserPixels(JLSimpleOpenNI/ContextWrapper;I[I)I+0
j  SimpleOpenNI.ContextWrapper.getUserPixels(I[I)I+7
j  hand.FirstTry.draw()V+21
j  processing.core.PApplet.handleDraw()V+259
j  processing.core.PGraphicsJava2D.requestDraw()V+4
j  processing.core.PApplet.run()V+132
j  java.lang.Thread.run()V+11
v  ~StubRoutines::call_stub

---------------  P R O C E S S  ---------------

Java Threads: ( => current thread )
  0x000000001ea33800 JavaThread "Thread-3" [_thread_blocked, id=8228, stack(0x000000001fa60000,0x000000001fb60000)]
=>0x0000000007bfb000 JavaThread "Animation Thread" [_thread_in_native, id=8848, stack(0x0000000009ec0000,0x0000000009fc0000)]
  0x0000000007c13000 JavaThread "AWT-EventQueue-1" [_thread_blocked, id=4276, stack(0x0000000009b40000,0x0000000009c40000)]
  0x000000000270c800 JavaThread "DestroyJavaVM" [_thread_blocked, id=6904, stack(0x0000000002950000,0x0000000002a50000)]
  0x0000000007b16800 JavaThread "AWT-EventQueue-0" [_thread_blocked, id=1652, stack(0x00000000085c0000,0x00000000086c0000)]
  0x0000000007a6b800 JavaThread "thread applet-hand.FirstTry.class" [_thread_in_native, id=4704, stack(0x0000000007e60000,0x0000000007f60000)]
  0x0000000007ab5000 JavaThread "AWT-Windows" daemon [_thread_in_native, id=7920, stack(0x00000000081a0000,0x00000000082a0000)]
  0x0000000007ab0000 JavaThread "AWT-Shutdown" [_thread_blocked, id=6720, stack(0x0000000008070000,0x0000000008170000)]
  0x0000000007a9f000 JavaThread "Java2D Disposer" daemon [_thread_blocked, id=444, stack(0x0000000007f70000,0x0000000008070000)]
  0x0000000006689000 JavaThread "Service Thread" daemon [_thread_blocked, id=8264, stack(0x0000000006dc0000,0x0000000006ec0000)]
  0x0000000006676000 JavaThread "C2 CompilerThread1" daemon [_thread_blocked, id=7044, stack(0x00000000076c0000,0x00000000077c0000)]
  0x0000000006663800 JavaThread "C2 CompilerThread0" daemon [_thread_blocked, id=8316, stack(0x0000000007570000,0x0000000007670000)]
  0x000000000665f800 JavaThread "Attach Listener" daemon [_thread_blocked, id=6644, stack(0x00000000073e0000,0x00000000074e0000)]
  0x000000000665a000 JavaThread "Signal Dispatcher" daemon [_thread_blocked, id=2216, stack(0x00000000071f0000,0x00000000072f0000)]
  0x00000000026a4000 JavaThread "Finalizer" daemon [_thread_blocked, id=8832, stack(0x0000000007090000,0x0000000007190000)]
  0x000000000269d000 JavaThread "Reference Handler" daemon [_thread_blocked, id=5524, stack(0x0000000006ec0000,0x0000000006fc0000)]

Other Threads:
  0x0000000002695000 VMThread [stack: 0x0000000006c40000,0x0000000006d40000] [id=5916]
  0x00000000066a4800 WatcherThread [stack: 0x00000000078e0000,0x00000000079e0000] [id=2660]

VM state:not at safepoint (normal execution)

VM Mutex/Monitor currently owned by a thread: None

Heap
 PSYoungGen      total 52480K, used 18926K [0x00000000e08b0000, 0x00000000e3fd0000, 0x0000000100000000)
  eden space 48512K, 30% used [0x00000000e08b0000,0x00000000e174c7b8,0x00000000e3810000)
  from space 3968K, 99% used [0x00000000e3bf0000,0x00000000e3fcf110,0x00000000e3fd0000)
  to   space 3968K, 0% used [0x00000000e3810000,0x00000000e3810000,0x00000000e3bf0000)
 PSOldGen        total 64448K, used 37829K [0x00000000a1a00000, 0x00000000a58f0000, 0x00000000e08b0000)
  object space 64448K, 58% used [0x00000000a1a00000,0x00000000a3ef1590,0x00000000a58f0000)
 PSPermGen       total 21248K, used 9531K [0x000000009c800000, 0x000000009dcc0000, 0x00000000a1a00000)
  object space 21248K, 44% used [0x000000009c800000,0x000000009d14ee28,0x000000009dcc0000)

Code Cache  [0x0000000002a50000, 0x0000000002cc0000, 0x0000000005a50000)
 total_blobs=502 nmethods=33 adapters=421 free_code_cache=48569Kb largest_free_block=49707776

Dynamic libraries:
0x000000013faf0000 - 0x000000013fb23000 	C:\Program Files\Java\jdk1.7.0\bin\javaw.exe
0x0000000077700000 - 0x00000000778a9000 	C:\Windows\SYSTEM32\ntdll.dll
0x0000000077490000 - 0x00000000775af000 	C:\Windows\system32\kernel32.dll
0x000007fefdcb0000 - 0x000007fefdd1c000 	C:\Windows\system32\KERNELBASE.dll
0x000007feff930000 - 0x000007feffa0b000 	C:\Windows\system32\ADVAPI32.dll
0x000007feff640000 - 0x000007feff6df000 	C:\Windows\system32\msvcrt.dll
0x000007feff840000 - 0x000007feff85f000 	C:\Windows\SYSTEM32\sechost.dll
0x000007fefdfa0000 - 0x000007fefe0cd000 	C:\Windows\system32\RPCRT4.dll
0x0000000077390000 - 0x000000007748a000 	C:\Windows\system32\USER32.dll
0x000007feff270000 - 0x000007feff2d7000 	C:\Windows\system32\GDI32.dll
0x000007feff860000 - 0x000007feff86e000 	C:\Windows\system32\LPK.dll
0x000007feff2e0000 - 0x000007feff3a9000 	C:\Windows\system32\USP10.dll
0x000007fefc4e0000 - 0x000007fefc6d4000 	C:\Windows\WinSxS\amd64_microsoft.windows.common-controls_6595b64144ccf1df_6.0.7601.17514_none_fa396087175ac9ac\COMCTL32.dll
0x000007fefe0d0000 - 0x000007fefe141000 	C:\Windows\system32\SHLWAPI.dll
0x000007feff240000 - 0x000007feff26e000 	C:\Windows\system32\IMM32.DLL
0x000007feff730000 - 0x000007feff839000 	C:\Windows\system32\MSCTF.dll
0x000007fefdb20000 - 0x000007fefdb60000 	C:\Windows\system32\nvinitx.dll
0x000000000f000000 - 0x000000000f006000 	C:\Program Files\NVIDIA Corporation\CoProcManager\_etoured.dll
0x000007fefa3e0000 - 0x000007fefa434000 	C:\Program Files\NVIDIA Corporation\CoProcManager\nvd3d9wrapx.dll
0x000007fefeee0000 - 0x000007feff0b7000 	C:\Windows\system32\SETUPAPI.dll
0x000007fefdc30000 - 0x000007fefdc66000 	C:\Windows\system32\CFGMGR32.dll
0x000007feff160000 - 0x000007feff237000 	C:\Windows\system32\OLEAUT32.dll
0x000007feff430000 - 0x000007feff633000 	C:\Windows\system32\ole32.dll
0x000007fefdc10000 - 0x000007fefdc2a000 	C:\Windows\system32\DEVOBJ.dll
0x000007fefa2f0000 - 0x000007fefa333000 	C:\Program Files\NVIDIA Corporation\CoProcManager\nvdxgiwrapx.dll
0x000000006c660000 - 0x000000006c731000 	C:\Program Files\Java\jdk1.7.0\jre\bin\msvcr100.dll
0x000000006b920000 - 0x000000006bfee000 	C:\Program Files\Java\jdk1.7.0\jre\bin\server\jvm.dll
0x000007fef8f90000 - 0x000007fef8f99000 	C:\Windows\system32\WSOCK32.dll
0x000007feff6e0000 - 0x000007feff72d000 	C:\Windows\system32\WS2_32.dll
0x000007fefdf90000 - 0x000007fefdf98000 	C:\Windows\system32\NSI.dll
0x000007fefaf90000 - 0x000007fefafcb000 	C:\Windows\system32\WINMM.dll
0x00000000778d0000 - 0x00000000778d7000 	C:\Windows\system32\PSAPI.DLL
0x0000000074db0000 - 0x0000000074dbf000 	C:\Program Files\Java\jdk1.7.0\jre\bin\verify.dll
0x0000000074d00000 - 0x0000000074d28000 	C:\Program Files\Java\jdk1.7.0\jre\bin\java.dll
0x0000000074d90000 - 0x0000000074da5000 	C:\Program Files\Java\jdk1.7.0\jre\bin\zip.dll
0x000000006b690000 - 0x000000006b823000 	C:\Program Files\Java\jdk1.7.0\jre\bin\awt.dll
0x000007fefbbb0000 - 0x000007fefbbc8000 	C:\Windows\system32\DWMAPI.DLL
0x000007fefc300000 - 0x000007fefc356000 	C:\Windows\system32\uxtheme.dll
0x000007fefda50000 - 0x000007fefda5f000 	C:\Windows\system32\CRYPTBASE.dll
0x000000006c620000 - 0x000000006c654000 	C:\Program Files\Java\jdk1.7.0\jre\bin\fontmanager.dll
0x0000000074ce0000 - 0x0000000074cf9000 	C:\Program Files\Java\jdk1.7.0\jre\bin\net.dll
0x000007fefd390000 - 0x000007fefd3e5000 	C:\Windows\system32\mswsock.dll
0x000007fefd380000 - 0x000007fefd387000 	C:\Windows\System32\wship6.dll
0x0000000074d60000 - 0x0000000074d71000 	C:\Program Files\Java\jdk1.7.0\jre\bin\nio.dll
0x000000006c4c0000 - 0x000000006c501000 	C:\Program Files\Java\jdk1.7.0\jre\bin\t2k.dll
0x000007fefb8c0000 - 0x000007fefb943000 	C:\Users\Martin\Workspace\Eclipse\GenerativeGestaltung\bin\SimpleOpenNI64.dll
0x000007fefb970000 - 0x000007fefb9d9000 	C:\Program Files\OpenNI\Bin64\OpenNI64.dll
0x000007fefe150000 - 0x000007fefeed8000 	C:\Windows\system32\SHELL32.dll
0x000007fee4970000 - 0x000007fee4a82000 	C:\Program Files\PrimeSense\NITE\bin64\XnVNITE64_1_5_2.dll
0x0000000071070000 - 0x0000000071113000 	C:\Windows\WinSxS\amd64_microsoft.vc90.crt_1fc8b3b9a1e18e3b_9.0.30729.6161_none_08e61857a83bc251\MSVCR90.dll
0x000000006c110000 - 0x000000006c1e3000 	C:\Windows\WinSxS\amd64_microsoft.vc90.crt_1fc8b3b9a1e18e3b_9.0.30729.6161_none_08e61857a83bc251\MSVCP90.dll
0x000007fefb950000 - 0x000007fefb96c000 	C:\Program Files\OpenNI\bin64\nimRecorder64.dll
0x000007fefb880000 - 0x000007fefb8a0000 	C:\Program Files\OpenNI\bin64\nimMockNodes64.dll
0x000007fefb5e0000 - 0x000007fefb634000 	C:\Program Files\OpenNI\bin64\nimCodecs64.dll
0x000007fee46a0000 - 0x000007fee4961000 	C:\Program Files\PrimeSense\NITE\Features_1_3_1\Bin64\XnVFeatures64_1_3_1.dll
0x000007fee42f0000 - 0x000007fee4694000 	C:\Program Files\PrimeSense\NITE\Features_1_4_1\Bin64\XnVFeatures64_1_4_1.dll
0x000007fee3f50000 - 0x000007fee42ea000 	C:\Program Files\PrimeSense\NITE\Features_1_4_2\Bin64\XnVFeatures64_1_4_2.dll
0x000007fee3ba0000 - 0x000007fee3f4f000 	C:\Program Files\PrimeSense\NITE\Features_1_5_2\Bin64\XnVFeatures64_1_5_2.dll
0x000007fef9b20000 - 0x000007fef9c41000 	C:\Program Files\PrimeSense\NITE\Hands_1_3_1\Bin64\XnVHandGenerator64_1_3_1.dll
0x000007fee3a70000 - 0x000007fee3b94000 	C:\Program Files\PrimeSense\NITE\Hands_1_4_1\Bin64\XnVHandGenerator64_1_4_1.dll
0x000007fee3950000 - 0x000007fee3a6a000 	C:\Program Files\PrimeSense\NITE\Hands_1_4_2\Bin64\XnVHandGenerator64_1_4_2.dll
0x000007fee3820000 - 0x000007fee394c000 	C:\Program Files\PrimeSense\NITE\Hands_1_5_2\Bin64\XnVHandGenerator64_1_5_2.dll
0x000007fefb280000 - 0x000007fefb2b9000 	C:\Program Files\PrimeSense\Sensor\Bin64\XnDeviceFile64.dll
0x000007fefc4b0000 - 0x000007fefc4bd000 	C:\Program Files\PrimeSense\Sensor\Bin64\XnCore64.dll
0x000007fee9df0000 - 0x000007fee9e98000 	C:\Program Files\PrimeSense\Sensor\Bin64\XnDDK64.dll
0x000007fefaba0000 - 0x000007fefac04000 	C:\Program Files\PrimeSense\Sensor\Bin64\XnFormats64.dll
0x000007feee8b0000 - 0x000007feee966000 	C:\Program Files\PrimeSense\Sensor\Bin64\XnDeviceSensorV264.dll
0x000007fefb850000 - 0x000007fefb877000 	C:\Program Files\PrimeSense\SensorKinect\Bin64\XnDeviceFile64.dll
0x000007feea200000 - 0x000007feea265000 	C:\Program Files\PrimeSense\SensorKinect\Bin64\XnDeviceSensorV2KM64.dll
0x00000000026c0000 - 0x00000000026f9000 	C:\Windows\system32\WINTRUST.dll
0x000007fefdd20000 - 0x000007fefde8a000 	C:\Windows\system32\CRYPT32.dll
0x000007fefdc00000 - 0x000007fefdc0f000 	C:\Windows\system32\MSASN1.dll
0x000007fefd9f0000 - 0x000007fefda47000 	C:\Windows\system32\apphelp.dll
0x000007fefcfc0000 - 0x000007fefcfc7000 	C:\Windows\System32\wshtcpip.dll
0x000000006c490000 - 0x000000006c4ba000 	C:\Program Files\Java\jdk1.7.0\jre\bin\dcpr.dll

VM Arguments:
jvm_args: -Djava.library.path=C:\Users\Martin\Workspace\Eclipse\GenerativeGestaltung\bin;C:\Users\Martin\Workspace\Eclipse\GenerativeGestaltung\lib;C:\Users\Martin\Workspace\Eclipse\GenerativeGestaltung\lib -Djava.security.policy=java.policy.applet -Dfile.encoding=Cp1252 
java_command: sun.applet.AppletViewer hand.FirstTry1351620176363.html
Launcher Type: SUN_STANDARD

Environment Variables:
CLASSPATH=C:\Program Files\OpenNI\Bin64\org.OpenNI.jar
PATH=C:/Program Files (x86)/Java/jre7/bin/client;C:/Program Files (x86)/Java/jre7/bin;C:/Program Files (x86)/Java/jre7/lib/i386;C:\Windows\system32;C:\Windows;C:\Windows\System32\Wbem;C:\Windows\System32\WindowsPowerShell\v1.0\;C:\Program Files\Intel\WiFi\bin\;C:\Program Files\Common Files\Intel\WirelessCommon\;C:\Program Files (x86)\MiKTeX 2.9\miktex\bin\;C:\Program Files (x86)\Common Files\Acronis\SnapAPI\;C:\Program Files (x86)\Smart Projects\IsoBuster;C:\Program Files (x86)\Calibre2\;C:\Program Files\Microsoft\Web Platform Installer\;C:\Program Files\OpenNI\Bin64;C:\Program Files\PrimeSense\NITE\bin64;C:\Program Files\nodejs\;C:\Program Files (x86)\CMake 2.8\bin;C:\Program Files\Intel\WiFi\bin\;C:\Program Files\Common Files\Intel\WirelessCommon\;C:\Users\Martin\AppData\Roaming\npm\;C:\Program Files (x86)\eclipse;
USERNAME=Martin
OS=Windows_NT
PROCESSOR_IDENTIFIER=Intel64 Family 6 Model 42 Stepping 7, GenuineIntel



---------------  S Y S T E M  ---------------

OS: Windows 7 , 64 bit Build 7601 Service Pack 1

CPU:total 4 (2 cores per cpu, 2 threads per core) family 6 model 42 stepping 7, cmov, cx8, fxsr, mmx, sse, sse2, sse3, ssse3, sse4.1, sse4.2, popcnt, ht

Memory: 4k page, physical 6183084k(2151204k free), swap 12364316k(7783316k free)

vm_info: Java HotSpot(TM) 64-Bit Server VM (21.0-b17) for windows-amd64 JRE (1.7.0-b147), built on Jun 27 2011 02:19:45 by "java_re" with unknown MS VC++:1600

time: Tue Oct 30 19:03:08 2012
elapsed time: 11 seconds

