#
# A fatal error has been detected by the Java Runtime Environment:
#
#  EXCEPTION_ACCESS_VIOLATION (0xc0000005) at pc=0x000000005ec6c390, pid=8984, tid=3312
#
# JRE version: 7.0-b147
# Java VM: Java HotSpot(TM) 64-Bit Server VM (21.0-b17 mixed mode windows-amd64 compressed oops)
# Problematic frame:
# C  [msvcr100.dll+0x3c390]
#
# Failed to write core dump. Minidumps are not enabled by default on client versions of Windows
#
# If you would like to submit a bug report, please visit:
#   http://bugreport.sun.com/bugreport/crash.jsp
# The crash happened outside the Java Virtual Machine in native code.
# See problematic frame for where to report the bug.
#

---------------  T H R E A D  ---------------

Current thread (0x0000000007bbd000):  JavaThread "Animation Thread" [_thread_in_native, id=3312, stack(0x000000000aac0000,0x000000000abc0000)]

siginfo: ExceptionCode=0xc0000005, writing address 0x0000000000000000

Registers:
RAX=0x0000000000000000, RBX=0x000000000a957fd0, RCX=0x0000000000000000, RDX=0x0000000000000000
RSP=0x000000000abbee68, RBP=0x000000000abbef90, RSI=0x0000000007bbd1d0, RDI=0x000000001d810040
R8 =0x0000000000000000, R9 =0x0000000000003840, R10=0x0000000007b7df90, R11=0x0000000000000001
R12=0x0000000000000000, R13=0x000000009d0dbde8, R14=0x000000000abbefc8, R15=0x0000000007bbd000
RIP=0x000000005ec6c390, EFLAGS=0x0000000000010202

Top of Stack: (sp=0x000000000abbee68)
0x000000000abbee68:   000007fef85b9a4d 000000000a957fd0
0x000000000abbee78:   000000000004b000 000000000abbefc8
0x000000000abbee88:   000000009d0dbde8 000000001d810040
0x000000000abbee98:   000007fef85c6327 000000000a957fd0
0x000000000abbeea8:   000000000a957fd0 0000000007bbd1d0
0x000000000abbeeb8:   000000000004b000 0000000002a76155
0x000000000abbeec8:   000007fef85a5189 000000000a957fd0
0x000000000abbeed8:   000000000a957fd0 000000000abbef90
0x000000000abbeee8:   0000000007bbd1d0 000000001d5a0040
0x000000000abbeef8:   000000000abbef40 000000009cafeb10
0x000000000abbef08:   0000000002a821c9 000000009d0dbde8
0x000000000abbef18:   0000000002a826fa 000000001d810040
0x000000000abbef28:   000000000abbef90 000000000abbefb0
0x000000000abbef38:   00000000000001e0 00000000000001df
0x000000000abbef48:   00000000e3c86898 000000000abbef50
0x000000000abbef58:   0000000000000000 000000000abbefc8 

Instructions: (pc=0x000000005ec6c390)
0x000000005ec6c370:   89 51 d8 48 89 51 e0 49 ff c9 48 89 51 e8 48 89
0x000000005ec6c380:   51 f0 48 89 51 f8 75 d8 eb 94 66 0f 1f 44 00 00
0x000000005ec6c390:   48 0f c3 11 48 0f c3 51 08 48 0f c3 51 10 48 83
0x000000005ec6c3a0:   c1 40 48 0f c3 51 d8 48 0f c3 51 e0 49 ff c9 48 


Register to memory mapping:

RAX=0x0000000000000000 is an unknown value
RBX=0x000000000a957fd0 is an unknown value
RCX=0x0000000000000000 is an unknown value
RDX=0x0000000000000000 is an unknown value
RSP=0x000000000abbee68 is pointing into the stack for thread: 0x0000000007bbd000
RBP=0x000000000abbef90 is pointing into the stack for thread: 0x0000000007bbd000
RSI=0x0000000007bbd1d0 is an unknown value
RDI=0x000000001d810040 is an unknown value
R8 =0x0000000000000000 is an unknown value
R9 =0x0000000000003840 is an unknown value
R10=0x0000000007b7df90 is an unknown value
R11=0x0000000000000001 is an unknown value
R12=0x0000000000000000 is an unknown value
R13=0x000000009d0dbde8 is an oop
{method} 
 - klass: {other class}
R14=0x000000000abbefc8 is pointing into the stack for thread: 0x0000000007bbd000
R15=0x0000000007bbd000 is a thread


Stack: [0x000000000aac0000,0x000000000abc0000],  sp=0x000000000abbee68,  free space=1019k
Native frames: (J=compiled Java code, j=interpreted, Vv=VM code, C=native code)
C  [msvcr100.dll+0x3c390]  memset+0xb0
j  SimpleOpenNI.ContextWrapper.depthImage([I)I+6
j  SimpleOpenNI.SimpleOpenNI.updateDepthImage()V+40
j  SimpleOpenNI.SimpleOpenNI.depthImage()Lprocessing/core/PImage;+1
j  passKinectAround.Test.test()V+16
j  passKinectAround.FirstTry.draw()V+47
j  processing.core.PApplet.handleDraw()V+259
j  processing.core.PGraphicsJava2D.requestDraw()V+4
j  processing.core.PApplet.run()V+132
j  java.lang.Thread.run()V+11
v  ~StubRoutines::call_stub
V  [jvm.dll+0x1a4446]

Java frames: (J=compiled Java code, j=interpreted, Vv=VM code)
j  SimpleOpenNI.SimpleOpenNIJNI.ContextWrapper_depthImage(JLSimpleOpenNI/ContextWrapper;[I)I+0
j  SimpleOpenNI.ContextWrapper.depthImage([I)I+6
j  SimpleOpenNI.SimpleOpenNI.updateDepthImage()V+40
j  SimpleOpenNI.SimpleOpenNI.depthImage()Lprocessing/core/PImage;+1
j  passKinectAround.Test.test()V+16
j  passKinectAround.FirstTry.draw()V+47
j  processing.core.PApplet.handleDraw()V+259
j  processing.core.PGraphicsJava2D.requestDraw()V+4
j  processing.core.PApplet.run()V+132
j  java.lang.Thread.run()V+11
v  ~StubRoutines::call_stub

---------------  P R O C E S S  ---------------

Java Threads: ( => current thread )
  0x0000000006858000 JavaThread "Thread-3" [_thread_blocked, id=7644, stack(0x000000001d710000,0x000000001d810000)]
=>0x0000000007bbd000 JavaThread "Animation Thread" [_thread_in_native, id=3312, stack(0x000000000aac0000,0x000000000abc0000)]
  0x0000000007b2a000 JavaThread "AWT-EventQueue-1" [_thread_in_native, id=3784, stack(0x000000000a820000,0x000000000a920000)]
  0x000000000014c800 JavaThread "DestroyJavaVM" [_thread_blocked, id=6036, stack(0x0000000002970000,0x0000000002a70000)]
  0x0000000007ac9800 JavaThread "AWT-EventQueue-0" [_thread_blocked, id=8660, stack(0x0000000008370000,0x0000000008470000)]
  0x000000000680a000 JavaThread "AWT-Windows" daemon [_thread_in_native, id=6232, stack(0x0000000008050000,0x0000000008150000)]
  0x0000000006809000 JavaThread "AWT-Shutdown" [_thread_blocked, id=8448, stack(0x0000000007d90000,0x0000000007e90000)]
  0x0000000006808800 JavaThread "Java2D Disposer" daemon [_thread_blocked, id=7928, stack(0x0000000007780000,0x0000000007880000)]
  0x000000000676b800 JavaThread "Service Thread" daemon [_thread_blocked, id=6604, stack(0x0000000007660000,0x0000000007760000)]
  0x0000000006769800 JavaThread "C2 CompilerThread1" daemon [_thread_blocked, id=8808, stack(0x0000000007520000,0x0000000007620000)]
  0x0000000006752800 JavaThread "C2 CompilerThread0" daemon [_thread_blocked, id=500, stack(0x0000000007390000,0x0000000007490000)]
  0x0000000006751000 JavaThread "Attach Listener" daemon [_thread_blocked, id=9088, stack(0x0000000007250000,0x0000000007350000)]
  0x000000000674a000 JavaThread "Signal Dispatcher" daemon [_thread_blocked, id=7228, stack(0x00000000070f0000,0x00000000071f0000)]
  0x00000000026e5800 JavaThread "Finalizer" daemon [_thread_blocked, id=1280, stack(0x0000000006ba0000,0x0000000006ca0000)]
  0x00000000026dc800 JavaThread "Reference Handler" daemon [_thread_blocked, id=7016, stack(0x0000000006f00000,0x0000000007000000)]

Other Threads:
  0x00000000026d5000 VMThread [stack: 0x0000000006d20000,0x0000000006e20000] [id=5776]
  0x000000000677e000 WatcherThread [stack: 0x0000000007890000,0x0000000007990000] [id=4700]

VM state:not at safepoint (normal execution)

VM Mutex/Monitor currently owned by a thread: None

Heap
 PSYoungGen      total 52480K, used 18591K [0x00000000e08b0000, 0x00000000e3fd0000, 0x0000000100000000)
  eden space 48512K, 30% used [0x00000000e08b0000,0x00000000e16f99e8,0x00000000e3810000)
  from space 3968K, 99% used [0x00000000e3bf0000,0x00000000e3fce260,0x00000000e3fd0000)
  to   space 3968K, 0% used [0x00000000e3810000,0x00000000e3810000,0x00000000e3bf0000)
 PSOldGen        total 64448K, used 39034K [0x00000000a1a00000, 0x00000000a58f0000, 0x00000000e08b0000)
  object space 64448K, 60% used [0x00000000a1a00000,0x00000000a401eaa0,0x00000000a58f0000)
 PSPermGen       total 21248K, used 9461K [0x000000009c800000, 0x000000009dcc0000, 0x00000000a1a00000)
  object space 21248K, 44% used [0x000000009c800000,0x000000009d13d5f8,0x000000009dcc0000)

Code Cache  [0x0000000002a70000, 0x0000000002ce0000, 0x0000000005a70000)
 total_blobs=498 nmethods=30 adapters=420 free_code_cache=48582Kb largest_free_block=49728640

Dynamic libraries:
0x000000013fc90000 - 0x000000013fcc3000 	C:\Program Files\Java\jdk1.7.0\bin\javaw.exe
0x00000000777d0000 - 0x0000000077979000 	C:\Windows\SYSTEM32\ntdll.dll
0x0000000077560000 - 0x000000007767f000 	C:\Windows\system32\kernel32.dll
0x000007fefde90000 - 0x000007fefdefc000 	C:\Windows\system32\KERNELBASE.dll
0x000007fefe3b0000 - 0x000007fefe48b000 	C:\Windows\system32\ADVAPI32.dll
0x000007feff9b0000 - 0x000007feffa4f000 	C:\Windows\system32\msvcrt.dll
0x000007fefe6a0000 - 0x000007fefe6bf000 	C:\Windows\SYSTEM32\sechost.dll
0x000007fefe6d0000 - 0x000007fefe7fd000 	C:\Windows\system32\RPCRT4.dll
0x0000000077460000 - 0x000000007755a000 	C:\Windows\system32\USER32.dll
0x000007feffa70000 - 0x000007feffad7000 	C:\Windows\system32\GDI32.dll
0x000007fefeab0000 - 0x000007fefeabe000 	C:\Windows\system32\LPK.dll
0x000007fefe100000 - 0x000007fefe1c9000 	C:\Windows\system32\USP10.dll
0x000007fefc5b0000 - 0x000007fefc7a4000 	C:\Windows\WinSxS\amd64_microsoft.windows.common-controls_6595b64144ccf1df_6.0.7601.17514_none_fa396087175ac9ac\COMCTL32.dll
0x000007fefe8a0000 - 0x000007fefe911000 	C:\Windows\system32\SHLWAPI.dll
0x000007fefe920000 - 0x000007fefe94e000 	C:\Windows\system32\IMM32.DLL
0x000007fefe950000 - 0x000007fefea59000 	C:\Windows\system32\MSCTF.dll
0x000007fefdbf0000 - 0x000007fefdc2c000 	C:\Windows\system32\nvinitx.dll
0x000000000f000000 - 0x000000000f006000 	C:\Program Files\NVIDIA Corporation\CoProcManager\_etoured.dll
0x000007fefafc0000 - 0x000007fefb004000 	C:\Program Files\NVIDIA Corporation\CoProcManager\nvd3d9wrapx.dll
0x000007fefe1d0000 - 0x000007fefe3a7000 	C:\Windows\system32\SETUPAPI.dll
0x000007fefdce0000 - 0x000007fefdd16000 	C:\Windows\system32\CFGMGR32.dll
0x000007feff850000 - 0x000007feff927000 	C:\Windows\system32\OLEAUT32.dll
0x000007fefe490000 - 0x000007fefe693000 	C:\Windows\system32\ole32.dll
0x000007fefdf40000 - 0x000007fefdf5a000 	C:\Windows\system32\DEVOBJ.dll
0x000007fefae80000 - 0x000007fefaec2000 	C:\Program Files\NVIDIA Corporation\CoProcManager\nvdxgiwrapx.dll
0x000000005ec30000 - 0x000000005ed01000 	C:\Program Files\Java\jdk1.7.0\jre\bin\msvcr100.dll
0x0000000059060000 - 0x000000005972e000 	C:\Program Files\Java\jdk1.7.0\jre\bin\server\jvm.dll
0x000007fefa170000 - 0x000007fefa179000 	C:\Windows\system32\WSOCK32.dll
0x000007fefea60000 - 0x000007fefeaad000 	C:\Windows\system32\WS2_32.dll
0x000007fefe6c0000 - 0x000007fefe6c8000 	C:\Windows\system32\NSI.dll
0x000007fefb940000 - 0x000007fefb97b000 	C:\Windows\system32\WINMM.dll
0x00000000779a0000 - 0x00000000779a7000 	C:\Windows\system32\PSAPI.DLL
0x0000000062790000 - 0x000000006279f000 	C:\Program Files\Java\jdk1.7.0\jre\bin\verify.dll
0x0000000062760000 - 0x0000000062788000 	C:\Program Files\Java\jdk1.7.0\jre\bin\java.dll
0x0000000062740000 - 0x0000000062755000 	C:\Program Files\Java\jdk1.7.0\jre\bin\zip.dll
0x000000005e6a0000 - 0x000000005e833000 	C:\Program Files\Java\jdk1.7.0\jre\bin\awt.dll
0x000007fefbe50000 - 0x000007fefbe68000 	C:\Windows\system32\DWMAPI.DLL
0x000007fefc3d0000 - 0x000007fefc426000 	C:\Windows\system32\uxtheme.dll
0x000007fefdb20000 - 0x000007fefdb2f000 	C:\Windows\system32\CRYPTBASE.dll
0x0000000060f30000 - 0x0000000060f64000 	C:\Program Files\Java\jdk1.7.0\jre\bin\fontmanager.dll
0x0000000060f10000 - 0x0000000060f29000 	C:\Program Files\Java\jdk1.7.0\jre\bin\net.dll
0x000007fefd440000 - 0x000007fefd495000 	C:\Windows\system32\mswsock.dll
0x000007fefd4b0000 - 0x000007fefd4b7000 	C:\Windows\System32\wship6.dll
0x0000000060ef0000 - 0x0000000060f01000 	C:\Program Files\Java\jdk1.7.0\jre\bin\nio.dll
0x0000000060ea0000 - 0x0000000060ee1000 	C:\Program Files\Java\jdk1.7.0\jre\bin\t2k.dll
0x000007fef8590000 - 0x000007fef8613000 	C:\Users\Martin\Workspace\Eclipse\GenerativeGestaltung\bin\SimpleOpenNI64.dll
0x000007fef8640000 - 0x000007fef86a9000 	C:\Program Files\OpenNI\Bin64\OpenNI64.dll
0x000007fefeac0000 - 0x000007feff848000 	C:\Windows\system32\SHELL32.dll
0x000007fef7710000 - 0x000007fef7822000 	C:\Program Files\PrimeSense\NITE\bin64\XnVNITE64_1_5_2.dll
0x0000000072620000 - 0x00000000726c3000 	C:\Windows\WinSxS\amd64_microsoft.vc90.crt_1fc8b3b9a1e18e3b_9.0.30729.6161_none_08e61857a83bc251\MSVCR90.dll
0x0000000072200000 - 0x00000000722d3000 	C:\Windows\WinSxS\amd64_microsoft.vc90.crt_1fc8b3b9a1e18e3b_9.0.30729.6161_none_08e61857a83bc251\MSVCP90.dll
0x000007fef8cd0000 - 0x000007fef8cec000 	C:\Program Files\OpenNI\bin64\nimRecorder64.dll
0x000007fef8df0000 - 0x000007fef8e10000 	C:\Program Files\OpenNI\bin64\nimMockNodes64.dll
0x000007fef8530000 - 0x000007fef8584000 	C:\Program Files\OpenNI\bin64\nimCodecs64.dll
0x000007feed520000 - 0x000007feed7e1000 	C:\Program Files\PrimeSense\NITE\Features_1_3_1\Bin64\XnVFeatures64_1_3_1.dll
0x000007feed170000 - 0x000007feed514000 	C:\Program Files\PrimeSense\NITE\Features_1_4_1\Bin64\XnVFeatures64_1_4_1.dll
0x000007feebb90000 - 0x000007feebf2a000 	C:\Program Files\PrimeSense\NITE\Features_1_4_2\Bin64\XnVFeatures64_1_4_2.dll
0x000007feeb7e0000 - 0x000007feebb8f000 	C:\Program Files\PrimeSense\NITE\Features_1_5_2\Bin64\XnVFeatures64_1_5_2.dll
0x000007fef75e0000 - 0x000007fef7701000 	C:\Program Files\PrimeSense\NITE\Hands_1_3_1\Bin64\XnVHandGenerator64_1_3_1.dll
0x000007feed990000 - 0x000007feedab4000 	C:\Program Files\PrimeSense\NITE\Hands_1_4_1\Bin64\XnVHandGenerator64_1_4_1.dll
0x000007fef72a0000 - 0x000007fef73ba000 	C:\Program Files\PrimeSense\NITE\Hands_1_4_2\Bin64\XnVHandGenerator64_1_4_2.dll
0x000007feed860000 - 0x000007feed98c000 	C:\Program Files\PrimeSense\NITE\Hands_1_5_2\Bin64\XnVHandGenerator64_1_5_2.dll
0x000007fef8390000 - 0x000007fef83c9000 	C:\Program Files\PrimeSense\Sensor\Bin64\XnDeviceFile64.dll
0x000007fefb5e0000 - 0x000007fefb5ed000 	C:\Program Files\PrimeSense\Sensor\Bin64\XnCore64.dll
0x000007feed0c0000 - 0x000007feed168000 	C:\Program Files\PrimeSense\Sensor\Bin64\XnDDK64.dll
0x000007fef8320000 - 0x000007fef8384000 	C:\Program Files\PrimeSense\Sensor\Bin64\XnFormats64.dll
0x000007feeb720000 - 0x000007feeb7d6000 	C:\Program Files\PrimeSense\Sensor\Bin64\XnDeviceSensorV264.dll
0x000007fef83e0000 - 0x000007fef8407000 	C:\Program Files\PrimeSense\SensorKinect\Bin64\XnDeviceFile64.dll
0x000007fef78b0000 - 0x000007fef7915000 	C:\Program Files\PrimeSense\SensorKinect\Bin64\XnDeviceSensorV2KM64.dll
0x000007fefdf00000 - 0x000007fefdf39000 	C:\Windows\system32\WINTRUST.dll
0x000000000ada0000 - 0x000000000af0a000 	C:\Windows\system32\CRYPT32.dll
0x000007fefdcd0000 - 0x000007fefdcdf000 	C:\Windows\system32\MSASN1.dll
0x000007fefdac0000 - 0x000007fefdb17000 	C:\Windows\system32\apphelp.dll
0x000007fefd100000 - 0x000007fefd107000 	C:\Windows\System32\wshtcpip.dll

VM Arguments:
jvm_args: -Djava.library.path=C:\Users\Martin\Workspace\Eclipse\GenerativeGestaltung\bin;C:\Users\Martin\Workspace\Eclipse\GenerativeGestaltung\lib;C:\Users\Martin\Workspace\Eclipse\GenerativeGestaltung\lib -Djava.security.policy=java.policy.applet -Dfile.encoding=Cp1252 
java_command: sun.applet.AppletViewer passKinectAround.FirstTry1350773444931.html
Launcher Type: SUN_STANDARD

Environment Variables:
CLASSPATH=C:\Program Files\OpenNI\Bin64\org.OpenNI.jar
PATH=C:/Program Files (x86)/Java/jre7/bin/client;C:/Program Files (x86)/Java/jre7/bin;C:/Program Files (x86)/Java/jre7/lib/i386;C:\Windows\system32;C:\Windows;C:\Windows\System32\Wbem;C:\Windows\System32\WindowsPowerShell\v1.0\;C:\Program Files\Intel\WiFi\bin\;C:\Program Files\Common Files\Intel\WirelessCommon\;C:\Program Files (x86)\MiKTeX 2.9\miktex\bin\;C:\Program Files (x86)\Common Files\Acronis\SnapAPI\;C:\Program Files (x86)\nodejs\;C:\Program Files (x86)\Smart Projects\IsoBuster;C:\Program Files (x86)\Calibre2\;C:\Program Files\Microsoft\Web Platform Installer\;C:\Program Files\OpenNI\Bin64;C:\Program Files\PrimeSense\NITE\bin64;C:\Program Files\Intel\WiFi\bin\;C:\Program Files\Common Files\Intel\WirelessCommon\;C:\Users\Martin\AppData\Roaming\npm\;C:\Program Files (x86)\eclipse;
USERNAME=Martin
OS=Windows_NT
PROCESSOR_IDENTIFIER=Intel64 Family 6 Model 42 Stepping 7, GenuineIntel



---------------  S Y S T E M  ---------------

OS: Windows 7 , 64 bit Build 7601 Service Pack 1

CPU:total 4 (2 cores per cpu, 2 threads per core) family 6 model 42 stepping 7, cmov, cx8, fxsr, mmx, sse, sse2, sse3, ssse3, sse4.1, sse4.2, popcnt, ht

Memory: 4k page, physical 6183084k(1336168k free), swap 12364316k(5951796k free)

vm_info: Java HotSpot(TM) 64-Bit Server VM (21.0-b17) for windows-amd64 JRE (1.7.0-b147), built on Jun 27 2011 02:19:45 by "java_re" with unknown MS VC++:1600

time: Sun Oct 21 00:50:54 2012
elapsed time: 9 seconds

