#
# A fatal error has been detected by the Java Runtime Environment:
#
#  EXCEPTION_ACCESS_VIOLATION (0xc0000005) at pc=0x000007feee783fcc, pid=8800, tid=7556
#
# JRE version: 7.0-b147
# Java VM: Java HotSpot(TM) 64-Bit Server VM (21.0-b17 mixed mode windows-amd64 compressed oops)
# Problematic frame:
# C  [OpenNI64.dll+0x13fcc]
#
# Failed to write core dump. Minidumps are not enabled by default on client versions of Windows
#
# If you would like to submit a bug report, please visit:
#   http://bugreport.sun.com/bugreport/crash.jsp
# The crash happened outside the Java Virtual Machine in native code.
# See problematic frame for where to report the bug.
#

---------------  T H R E A D  ---------------

Current thread (0x00000000079c5800):  JavaThread "Animation Thread" [_thread_in_native, id=7556, stack(0x000000000ac40000,0x000000000ad40000)]

siginfo: ExceptionCode=0xc0000005, reading address 0x0000000000000000

Registers:
RAX=0x0000000007a27e18, RBX=0x0000000007a27e00, RCX=0x0000000000000000, RDX=0x000007fef72dcd60
RSP=0x000000000ad3efa0, RBP=0x000007fef72daa60, RSI=0x000007fef72daa80, RDI=0x000000000a897fd0
R8 =0x000007fef72dce60, R9 =0x0000000007a27e00, R10=0x00000000000001cc, R11=0x000000000000001b
R12=0x000000000a8abd20, R13=0x000000009d0dba68, R14=0x000000000ad3f130, R15=0x00000000079c5800
RIP=0x000007feee783fcc, EFLAGS=0x0000000000010206

Top of Stack: (sp=0x000000000ad3efa0)
0x000000000ad3efa0:   000000009d0dba68 000000000a8abd20
0x000000000ad3efb0:   0000000000000020 000007fef72daa80
0x000000000ad3efc0:   000007fef72daa60 000000005d218c47
0x000000000ad3efd0:   0000000000000002 00000000079c5800
0x000000000ad3efe0:   000000000ad3f130 000000009d0dba68
0x000000000ad3eff0:   000007fef72daa80 000007fef72de82f
0x000000000ad3f000:   000000000a897fd0 000007fef72daa80
0x000000000ad3f010:   000000000a897fd0 000000000ad3f100
0x000000000ad3f020:   0000000007a27e18 000000000ad3f080
0x000000000ad3f030:   0000000000000000 000007fef72e0531
0x000000000ad3f040:   000000000a897fd0 000000000ad3f100
0x000000000ad3f050:   0000000000000001 00000000029f6213
0x000000000ad3f060:   000000000a8abd30 00000000067345a8
0x000000000ad3f070:   000000009c80b410 0000000002a021c9
0x000000000ad3f080:   0000000000000000 00000000029f6213
0x000000000ad3f090:   000000009d0dba68 000000005a1e5bd5 

Instructions: (pc=0x000007feee783fcc)
0x000007feee783fac:   28 da 48 89 44 24 20 41 ff d2 48 83 c4 38 c3 cc
0x000007feee783fbc:   cc cc cc cc 40 56 41 55 41 56 41 57 48 83 ec 38
0x000007feee783fcc:   48 8b 01 4d 8b e9 4d 8b f0 83 78 10 00 4c 8b fa
0x000007feee783fdc:   48 8b f1 0f 86 e2 00 00 00 48 8b 40 08 44 8b 10 


Register to memory mapping:

RAX=0x0000000007a27e18 is an unknown value
RBX=0x0000000007a27e00 is an unknown value
RCX=0x0000000000000000 is an unknown value
RDX=0x000007fef72dcd60 is an unknown value
RSP=0x000000000ad3efa0 is pointing into the stack for thread: 0x00000000079c5800
RBP=0x000007fef72daa60 is an unknown value
RSI=0x000007fef72daa80 is an unknown value
RDI=0x000000000a897fd0 is an unknown value
R8 =0x000007fef72dce60 is an unknown value
R9 =0x0000000007a27e00 is an unknown value
R10=0x00000000000001cc is an unknown value
R11=0x000000000000001b is an unknown value
R12=0x000000000a8abd20 is an unknown value
R13=0x000000009d0dba68 is an oop
{method} 
 - klass: {other class}
R14=0x000000000ad3f130 is pointing into the stack for thread: 0x00000000079c5800
R15=0x00000000079c5800 is a thread


Stack: [0x000000000ac40000,0x000000000ad40000],  sp=0x000000000ad3efa0,  free space=1019k
Native frames: (J=compiled Java code, j=interpreted, Vv=VM code, C=native code)
C  [OpenNI64.dll+0x13fcc]  xnRegisterGestureCallbacks+0xc

Java frames: (J=compiled Java code, j=interpreted, Vv=VM code)
j  SimpleOpenNI.SimpleOpenNIJNI.ContextWrapper_enableGestureSwigExplicitContextWrapper(JLSimpleOpenNI/ContextWrapper;)Z+0
j  SimpleOpenNI.ContextWrapper.enableGesture()Z+26
j  SimpleOpenNI.SimpleOpenNI.enableGesture(Ljava/lang/Object;)Z+6
j  SimpleOpenNI.SimpleOpenNI.enableGesture()Z+5
j  passKinectAround.Kinect.settings()V+20
j  passKinectAround.Kinect.<init>(Lprocessing/core/PApplet;)V+20
j  passKinectAround.FirstTry.setup()V+6
j  processing.core.PApplet.handleDraw()V+172
j  processing.core.PGraphicsJava2D.requestDraw()V+4
j  processing.core.PApplet.run()V+132
j  java.lang.Thread.run()V+11
v  ~StubRoutines::call_stub

---------------  P R O C E S S  ---------------

Java Threads: ( => current thread )
=>0x00000000079c5800 JavaThread "Animation Thread" [_thread_in_native, id=7556, stack(0x000000000ac40000,0x000000000ad40000)]
  0x0000000007938000 JavaThread "AWT-EventQueue-1" [_thread_blocked, id=8240, stack(0x000000000a9b0000,0x000000000aab0000)]
  0x000000000271c800 JavaThread "DestroyJavaVM" [_thread_blocked, id=3288, stack(0x00000000028f0000,0x00000000029f0000)]
  0x0000000007917800 JavaThread "AWT-EventQueue-0" [_thread_blocked, id=8208, stack(0x0000000008470000,0x0000000008570000)]
  0x000000000789d800 JavaThread "thread applet-passKinectAround.FirstTry.class" [_thread_blocked, id=3384, stack(0x00000000081e0000,0x00000000082e0000)]
  0x000000000679f800 JavaThread "AWT-Windows" daemon [_thread_in_native, id=7184, stack(0x0000000007ec0000,0x0000000007fc0000)]
  0x000000000679e800 JavaThread "AWT-Shutdown" [_thread_blocked, id=5144, stack(0x0000000007d70000,0x0000000007e70000)]
  0x000000000679e000 JavaThread "Java2D Disposer" daemon [_thread_blocked, id=8136, stack(0x0000000007c50000,0x0000000007d50000)]
  0x00000000066ae800 JavaThread "Service Thread" daemon [_thread_blocked, id=8024, stack(0x00000000076d0000,0x00000000077d0000)]
  0x0000000006695800 JavaThread "C2 CompilerThread1" daemon [_thread_blocked, id=8592, stack(0x0000000007400000,0x0000000007500000)]
  0x0000000006694000 JavaThread "C2 CompilerThread0" daemon [_thread_blocked, id=9136, stack(0x0000000006d20000,0x0000000006e20000)]
  0x0000000006690000 JavaThread "Attach Listener" daemon [_thread_blocked, id=2008, stack(0x00000000072c0000,0x00000000073c0000)]
  0x0000000006689000 JavaThread "Signal Dispatcher" daemon [_thread_blocked, id=2924, stack(0x0000000007170000,0x0000000007270000)]
  0x0000000006644000 JavaThread "Finalizer" daemon [_thread_blocked, id=8780, stack(0x0000000007050000,0x0000000007150000)]
  0x000000000663d000 JavaThread "Reference Handler" daemon [_thread_blocked, id=3308, stack(0x0000000006eb0000,0x0000000006fb0000)]

Other Threads:
  0x0000000006633800 VMThread [stack: 0x0000000006c10000,0x0000000006d10000] [id=4812]
  0x00000000066b9800 WatcherThread [stack: 0x0000000007560000,0x0000000007660000] [id=1180]

VM state:not at safepoint (normal execution)

VM Mutex/Monitor currently owned by a thread: None

Heap
 PSYoungGen      total 28224K, used 8949K [0x00000000e08b0000, 0x00000000e2820000, 0x0000000100000000)
  eden space 24256K, 36% used [0x00000000e08b0000,0x00000000e116d4f0,0x00000000e2060000)
  from space 3968K, 0% used [0x00000000e2440000,0x00000000e2440000,0x00000000e2820000)
  to   space 3968K, 0% used [0x00000000e2060000,0x00000000e2060000,0x00000000e2440000)
 PSOldGen        total 64448K, used 0K [0x00000000a1a00000, 0x00000000a58f0000, 0x00000000e08b0000)
  object space 64448K, 0% used [0x00000000a1a00000,0x00000000a1a00000,0x00000000a58f0000)
 PSPermGen       total 21248K, used 9314K [0x000000009c800000, 0x000000009dcc0000, 0x00000000a1a00000)
  object space 21248K, 43% used [0x000000009c800000,0x000000009d1189b0,0x000000009dcc0000)

Code Cache  [0x00000000029f0000, 0x0000000002c60000, 0x00000000059f0000)
 total_blobs=476 nmethods=14 adapters=414 free_code_cache=48602Kb largest_free_block=49750656

Dynamic libraries:
0x000000013fbf0000 - 0x000000013fc23000 	C:\Program Files\Java\jdk1.7.0\bin\javaw.exe
0x00000000777d0000 - 0x0000000077979000 	C:\Windows\SYSTEM32\ntdll.dll
0x0000000077560000 - 0x000000007767f000 	C:\Windows\system32\kernel32.dll
0x000007fefde90000 - 0x000007fefdefc000 	C:\Windows\system32\KERNELBASE.dll
0x000007fefe3b0000 - 0x000007fefe48b000 	C:\Windows\system32\ADVAPI32.dll
0x000007feff9b0000 - 0x000007feffa4f000 	C:\Windows\system32\msvcrt.dll
0x000007fefe6a0000 - 0x000007fefe6bf000 	C:\Windows\SYSTEM32\sechost.dll
0x000007fefe6d0000 - 0x000007fefe7fd000 	C:\Windows\system32\RPCRT4.dll
0x0000000077460000 - 0x000000007755a000 	C:\Windows\system32\USER32.dll
0x000007feffa70000 - 0x000007feffad7000 	C:\Windows\system32\GDI32.dll
0x000007fefeab0000 - 0x000007fefeabe000 	C:\Windows\system32\LPK.dll
0x000007fefe100000 - 0x000007fefe1c9000 	C:\Windows\system32\USP10.dll
0x000007fefc5b0000 - 0x000007fefc7a4000 	C:\Windows\WinSxS\amd64_microsoft.windows.common-controls_6595b64144ccf1df_6.0.7601.17514_none_fa396087175ac9ac\COMCTL32.dll
0x000007fefe8a0000 - 0x000007fefe911000 	C:\Windows\system32\SHLWAPI.dll
0x000007fefe920000 - 0x000007fefe94e000 	C:\Windows\system32\IMM32.DLL
0x000007fefe950000 - 0x000007fefea59000 	C:\Windows\system32\MSCTF.dll
0x000007fefdbf0000 - 0x000007fefdc2c000 	C:\Windows\system32\nvinitx.dll
0x000000000f000000 - 0x000000000f006000 	C:\Program Files\NVIDIA Corporation\CoProcManager\_etoured.dll
0x000007fefafc0000 - 0x000007fefb004000 	C:\Program Files\NVIDIA Corporation\CoProcManager\nvd3d9wrapx.dll
0x000007fefe1d0000 - 0x000007fefe3a7000 	C:\Windows\system32\SETUPAPI.dll
0x000007fefdce0000 - 0x000007fefdd16000 	C:\Windows\system32\CFGMGR32.dll
0x000007feff850000 - 0x000007feff927000 	C:\Windows\system32\OLEAUT32.dll
0x000007fefe490000 - 0x000007fefe693000 	C:\Windows\system32\ole32.dll
0x000007fefdf40000 - 0x000007fefdf5a000 	C:\Windows\system32\DEVOBJ.dll
0x000007fefae80000 - 0x000007fefaec2000 	C:\Program Files\NVIDIA Corporation\CoProcManager\nvdxgiwrapx.dll
0x000000005d1b0000 - 0x000000005d281000 	C:\Program Files\Java\jdk1.7.0\jre\bin\msvcr100.dll
0x000000005a170000 - 0x000000005a83e000 	C:\Program Files\Java\jdk1.7.0\jre\bin\server\jvm.dll
0x000007fefa170000 - 0x000007fefa179000 	C:\Windows\system32\WSOCK32.dll
0x000007fefea60000 - 0x000007fefeaad000 	C:\Windows\system32\WS2_32.dll
0x000007fefe6c0000 - 0x000007fefe6c8000 	C:\Windows\system32\NSI.dll
0x000007fefb940000 - 0x000007fefb97b000 	C:\Windows\system32\WINMM.dll
0x00000000779a0000 - 0x00000000779a7000 	C:\Windows\system32\PSAPI.DLL
0x000000005d4d0000 - 0x000000005d4df000 	C:\Program Files\Java\jdk1.7.0\jre\bin\verify.dll
0x000000005d180000 - 0x000000005d1a8000 	C:\Program Files\Java\jdk1.7.0\jre\bin\java.dll
0x000000005d160000 - 0x000000005d175000 	C:\Program Files\Java\jdk1.7.0\jre\bin\zip.dll
0x0000000059fd0000 - 0x000000005a163000 	C:\Program Files\Java\jdk1.7.0\jre\bin\awt.dll
0x000007fefbe50000 - 0x000007fefbe68000 	C:\Windows\system32\DWMAPI.DLL
0x000007fefc3d0000 - 0x000007fefc426000 	C:\Windows\system32\uxtheme.dll
0x000007fefdb20000 - 0x000007fefdb2f000 	C:\Windows\system32\CRYPTBASE.dll
0x000000005d120000 - 0x000000005d154000 	C:\Program Files\Java\jdk1.7.0\jre\bin\fontmanager.dll
0x000000005d100000 - 0x000000005d119000 	C:\Program Files\Java\jdk1.7.0\jre\bin\net.dll
0x000007fefd440000 - 0x000007fefd495000 	C:\Windows\system32\mswsock.dll
0x000007fefd4b0000 - 0x000007fefd4b7000 	C:\Windows\System32\wship6.dll
0x000000005cf00000 - 0x000000005cf11000 	C:\Program Files\Java\jdk1.7.0\jre\bin\nio.dll
0x000000005ceb0000 - 0x000000005cef1000 	C:\Program Files\Java\jdk1.7.0\jre\bin\t2k.dll
0x000007fef72b0000 - 0x000007fef7333000 	C:\Users\Martin\Workspace\Eclipse\GenerativeGestaltung\bin\SimpleOpenNI64.dll
0x000007feee770000 - 0x000007feee7d9000 	C:\Program Files\OpenNI\Bin64\OpenNI64.dll
0x000007fefeac0000 - 0x000007feff848000 	C:\Windows\system32\SHELL32.dll
0x000007fee63e0000 - 0x000007fee64f2000 	C:\Program Files\PrimeSense\NITE\bin64\XnVNITE64_1_5_2.dll
0x0000000072620000 - 0x00000000726c3000 	C:\Windows\WinSxS\amd64_microsoft.vc90.crt_1fc8b3b9a1e18e3b_9.0.30729.6161_none_08e61857a83bc251\MSVCR90.dll
0x0000000072200000 - 0x00000000722d3000 	C:\Windows\WinSxS\amd64_microsoft.vc90.crt_1fc8b3b9a1e18e3b_9.0.30729.6161_none_08e61857a83bc251\MSVCP90.dll
0x000007fefb610000 - 0x000007fefb62c000 	C:\Program Files\OpenNI\bin64\nimRecorder64.dll
0x000007fefa8b0000 - 0x000007fefa8d0000 	C:\Program Files\OpenNI\bin64\nimMockNodes64.dll
0x000007fee9860000 - 0x000007fee98b4000 	C:\Program Files\OpenNI\bin64\nimCodecs64.dll
0x000007fee5950000 - 0x000007fee5c11000 	C:\Program Files\PrimeSense\NITE\Features_1_3_1\Bin64\XnVFeatures64_1_3_1.dll
0x000007fee55a0000 - 0x000007fee5944000 	C:\Program Files\PrimeSense\NITE\Features_1_4_1\Bin64\XnVFeatures64_1_4_1.dll
0x000007fee5200000 - 0x000007fee559a000 	C:\Program Files\PrimeSense\NITE\Features_1_4_2\Bin64\XnVFeatures64_1_4_2.dll
0x000007fee4270000 - 0x000007fee461f000 	C:\Program Files\PrimeSense\NITE\Features_1_5_2\Bin64\XnVFeatures64_1_5_2.dll
0x000007fee6020000 - 0x000007fee6141000 	C:\Program Files\PrimeSense\NITE\Hands_1_3_1\Bin64\XnVHandGenerator64_1_3_1.dll
0x000007fee4f30000 - 0x000007fee5054000 	C:\Program Files\PrimeSense\NITE\Hands_1_4_1\Bin64\XnVHandGenerator64_1_4_1.dll
0x000007fee4150000 - 0x000007fee426a000 	C:\Program Files\PrimeSense\NITE\Hands_1_4_2\Bin64\XnVHandGenerator64_1_4_2.dll
0x000007fee4020000 - 0x000007fee414c000 	C:\Program Files\PrimeSense\NITE\Hands_1_5_2\Bin64\XnVHandGenerator64_1_5_2.dll
0x000007fee7330000 - 0x000007fee7369000 	C:\Program Files\PrimeSense\Sensor\Bin64\XnDeviceFile64.dll
0x000007fefb600000 - 0x000007fefb60d000 	C:\Program Files\PrimeSense\Sensor\Bin64\XnCore64.dll
0x000007fee6c00000 - 0x000007fee6ca8000 	C:\Program Files\PrimeSense\Sensor\Bin64\XnDDK64.dll
0x000007fee72c0000 - 0x000007fee7324000 	C:\Program Files\PrimeSense\Sensor\Bin64\XnFormats64.dll
0x000007fee6320000 - 0x000007fee63d6000 	C:\Program Files\PrimeSense\Sensor\Bin64\XnDeviceSensorV264.dll
0x000007fef8de0000 - 0x000007fef8e07000 	C:\Program Files\PrimeSense\SensorKinect\Bin64\XnDeviceFile64.dll
0x000007fee3fb0000 - 0x000007fee4015000 	C:\Program Files\PrimeSense\SensorKinect\Bin64\XnDeviceSensorV2KM64.dll
0x000007fefdf00000 - 0x000007fefdf39000 	C:\Windows\system32\WINTRUST.dll
0x000000000aab0000 - 0x000000000ac1a000 	C:\Windows\system32\CRYPT32.dll
0x000007fefdcd0000 - 0x000007fefdcdf000 	C:\Windows\system32\MSASN1.dll
0x000007fefd100000 - 0x000007fefd107000 	C:\Windows\System32\wshtcpip.dll

VM Arguments:
jvm_args: -Djava.library.path=C:\Users\Martin\Workspace\Eclipse\GenerativeGestaltung\bin;C:\Users\Martin\Workspace\Eclipse\GenerativeGestaltung\lib;C:\Users\Martin\Workspace\Eclipse\GenerativeGestaltung\lib -Djava.security.policy=java.policy.applet -Dfile.encoding=Cp1252 
java_command: sun.applet.AppletViewer passKinectAround.FirstTry1350771091634.html
Launcher Type: SUN_STANDARD

Environment Variables:
CLASSPATH=C:\Program Files\OpenNI\Bin64\org.OpenNI.jar
PATH=C:/Program Files (x86)/Java/jre7/bin/client;C:/Program Files (x86)/Java/jre7/bin;C:/Program Files (x86)/Java/jre7/lib/i386;C:\Windows\system32;C:\Windows;C:\Windows\System32\Wbem;C:\Windows\System32\WindowsPowerShell\v1.0\;C:\Program Files\Intel\WiFi\bin\;C:\Program Files\Common Files\Intel\WirelessCommon\;C:\Program Files (x86)\MiKTeX 2.9\miktex\bin\;C:\Program Files (x86)\Common Files\Acronis\SnapAPI\;C:\Program Files (x86)\nodejs\;C:\Program Files (x86)\Smart Projects\IsoBuster;C:\Program Files (x86)\Calibre2\;C:\Program Files\Microsoft\Web Platform Installer\;C:\Program Files\OpenNI\Bin64;C:\Program Files\PrimeSense\NITE\bin64;C:\Program Files\Intel\WiFi\bin\;C:\Program Files\Common Files\Intel\WirelessCommon\;C:\Users\Martin\AppData\Roaming\npm\;C:\Program Files (x86)\eclipse;
USERNAME=Martin
OS=Windows_NT
PROCESSOR_IDENTIFIER=Intel64 Family 6 Model 42 Stepping 7, GenuineIntel



---------------  S Y S T E M  ---------------

OS: Windows 7 , 64 bit Build 7601 Service Pack 1

CPU:total 4 (2 cores per cpu, 2 threads per core) family 6 model 42 stepping 7, cmov, cx8, fxsr, mmx, sse, sse2, sse3, ssse3, sse4.1, sse4.2, popcnt, ht

Memory: 4k page, physical 6183084k(143560k free), swap 12364316k(5120404k free)

vm_info: Java HotSpot(TM) 64-Bit Server VM (21.0-b17) for windows-amd64 JRE (1.7.0-b147), built on Jun 27 2011 02:19:45 by "java_re" with unknown MS VC++:1600

time: Sun Oct 21 00:11:44 2012
elapsed time: 13 seconds

